[debug] [2026-03-02T09:30:38.537Z] ----------------------------------------------------------------------
[debug] [2026-03-02T09:30:38.539Z] Command:       /opt/homebrew/Cellar/node/25.6.1/bin/node /opt/homebrew/bin/firebase deploy --only hosting --project gestor-afiliados-2026
[debug] [2026-03-02T09:30:38.539Z] CLI Version:   15.6.0
[debug] [2026-03-02T09:30:38.539Z] Platform:      darwin
[debug] [2026-03-02T09:30:38.539Z] Node Version:  v25.6.1
[debug] [2026-03-02T09:30:38.539Z] Time:          Mon Mar 02 2026 04:30:38 GMT-0500 (Colombia Standard Time)
[debug] [2026-03-02T09:30:38.539Z] ----------------------------------------------------------------------
[debug] 
[debug] [2026-03-02T09:30:39.317Z] > command requires scopes: ["email","openid","https://www.googleapis.com/auth/cloudplatformprojects.readonly","https://www.googleapis.com/auth/firebase","https://www.googleapis.com/auth/cloud-platform"]
[debug] [2026-03-02T09:30:39.317Z] > authorizing via signed-in user (cjsabogal@gmail.com)
[debug] [2026-03-02T09:30:39.317Z] [iam] checking project gestor-afiliados-2026 for permissions ["firebase.projects.get","firebasehosting.sites.update"]
[debug] [2026-03-02T09:30:39.317Z] Checked if tokens are valid: true, expires at: 1772447141508
[debug] [2026-03-02T09:30:39.318Z] Checked if tokens are valid: true, expires at: 1772447141508
[debug] [2026-03-02T09:30:39.318Z] >>> [apiv2][query] POST https://cloudresourcemanager.googleapis.com/v1/projects/gestor-afiliados-2026:testIamPermissions [none]
[debug] [2026-03-02T09:30:39.318Z] >>> [apiv2][(partial)header] POST https://cloudresourcemanager.googleapis.com/v1/projects/gestor-afiliados-2026:testIamPermissions  x-goog-user-project=gestor-afiliados-2026
[debug] [2026-03-02T09:30:39.318Z] >>> [apiv2][body] POST https://cloudresourcemanager.googleapis.com/v1/projects/gestor-afiliados-2026:testIamPermissions {"permissions":["firebase.projects.get","firebasehosting.sites.update"]}
[debug] [2026-03-02T09:30:39.928Z] <<< [apiv2][status] POST https://cloudresourcemanager.googleapis.com/v1/projects/gestor-afiliados-2026:testIamPermissions 200
[debug] [2026-03-02T09:30:39.928Z] <<< [apiv2][body] POST https://cloudresourcemanager.googleapis.com/v1/projects/gestor-afiliados-2026:testIamPermissions {"permissions":["firebase.projects.get","firebasehosting.sites.update"]}
[debug] [2026-03-02T09:30:39.929Z] Checked if tokens are valid: true, expires at: 1772447141508
[debug] [2026-03-02T09:30:39.929Z] Checked if tokens are valid: true, expires at: 1772447141508
[debug] [2026-03-02T09:30:39.930Z] >>> [apiv2][query] GET https://firebase.googleapis.com/v1beta1/projects/gestor-afiliados-2026 [none]
[debug] [2026-03-02T09:30:40.261Z] <<< [apiv2][status] GET https://firebase.googleapis.com/v1beta1/projects/gestor-afiliados-2026 200
[debug] [2026-03-02T09:30:40.262Z] <<< [apiv2][body] GET https://firebase.googleapis.com/v1beta1/projects/gestor-afiliados-2026 {"projectId":"gestor-afiliados-2026","projectNumber":"704612357204","displayName":"Gestor Afiliados 2026","name":"projects/gestor-afiliados-2026","resources":{"hostingSite":"gestor-afiliados-2026"},"state":"ACTIVE","etag":"1_5f613a0d-1011-463f-ae36-16ca8c167585"}
[debug] [2026-03-02T09:30:41.389Z] defaultcredentials: writing to file /Users/carlossabogal/.config/firebase/cjsabogal_gmail_com_application_default_credentials.json
[debug] [2026-03-02T09:30:41.390Z] Checked if tokens are valid: true, expires at: 1772447141508
[debug] [2026-03-02T09:30:41.390Z] Checked if tokens are valid: true, expires at: 1772447141508
[debug] [2026-03-02T09:30:41.390Z] >>> [apiv2][query] GET https://firebasehosting.googleapis.com/v1beta1/projects/gestor-afiliados-2026/sites pageToken=&pageSize=10
[debug] [2026-03-02T09:30:42.490Z] <<< [apiv2][status] GET https://firebasehosting.googleapis.com/v1beta1/projects/gestor-afiliados-2026/sites 200
[debug] [2026-03-02T09:30:42.490Z] <<< [apiv2][body] GET https://firebasehosting.googleapis.com/v1beta1/projects/gestor-afiliados-2026/sites {"sites":[{"name":"projects/gestor-afiliados-2026/sites/gestor-afiliados-2026","defaultUrl":"https://gestor-afiliados-2026.web.app","type":"DEFAULT_SITE"}]}
[debug] [2026-03-02T09:30:42.491Z] Checked if tokens are valid: true, expires at: 1772447141508
[debug] [2026-03-02T09:30:42.491Z] Checked if tokens are valid: true, expires at: 1772447141508
[debug] [2026-03-02T09:30:42.491Z] >>> [apiv2][query] GET https://firebasehosting.googleapis.com/v1beta1/projects/gestor-afiliados-2026/sites 
[debug] [2026-03-02T09:30:43.066Z] <<< [apiv2][status] GET https://firebasehosting.googleapis.com/v1beta1/projects/gestor-afiliados-2026/sites 200
[debug] [2026-03-02T09:30:43.066Z] <<< [apiv2][body] GET https://firebasehosting.googleapis.com/v1beta1/projects/gestor-afiliados-2026/sites {"sites":[{"name":"projects/gestor-afiliados-2026/sites/gestor-afiliados-2026","defaultUrl":"https://gestor-afiliados-2026.web.app","type":"DEFAULT_SITE"}]}
[debug] [2026-03-02T09:30:43.067Z] Checked if tokens are valid: true, expires at: 1772447141508
[debug] [2026-03-02T09:30:43.067Z] Checked if tokens are valid: true, expires at: 1772447141508
[debug] [2026-03-02T09:30:43.067Z] >>> [apiv2][query] GET https://firebase.googleapis.com/v1beta1/projects/gestor-afiliados-2026/webApps/-/config [none]
[debug] [2026-03-02T09:30:43.516Z] <<< [apiv2][status] GET https://firebase.googleapis.com/v1beta1/projects/gestor-afiliados-2026/webApps/-/config 200
[debug] [2026-03-02T09:30:43.516Z] <<< [apiv2][body] GET https://firebase.googleapis.com/v1beta1/projects/gestor-afiliados-2026/webApps/-/config {"projectId":"gestor-afiliados-2026","appId":"1:704612357204:web:ddc26f59af9b0d6f6809c1","storageBucket":"gestor-afiliados-2026.firebasestorage.app","apiKey":"AIzaSyCotWVp--zpcsRMQ5_T9azq0fHzYbr69Fo","authDomain":"gestor-afiliados-2026.firebaseapp.com","messagingSenderId":"704612357204","projectNumber":"704612357204","version":"2"}
[info] 
   Thank you for trying our early preview of Next.js support on Firebase Hosting.
   During the preview, support is best-effort and breaking changes can be expected. Proceed with caution.
   The integration is known to work with Next.js version 12 - 15.0. You may encounter errors.

   Documentation: https://firebase.google.com/docs/hosting/frameworks/nextjs
   File a bug: https://github.com/firebase/firebase-tools/issues/new?template=bug_report.md
   Submit a feature request: https://github.com/firebase/firebase-tools/issues/new?template=feature_request.md

   We'd love to learn from you. Express your interest in helping us shape the future of Firebase Hosting: https://goo.gle/41enW5X

[debug] [2026-03-02T09:30:45.717Z] Checked if tokens are valid: true, expires at: 1772447141508
[debug] [2026-03-02T09:30:45.717Z] Checked if tokens are valid: true, expires at: 1772447141508
[debug] [2026-03-02T09:30:45.717Z] >>> [apiv2][query] GET https://firebasehosting.googleapis.com/v1beta1/projects/gestor-afiliados-2026/sites/gestor-afiliados-2026 [none]
[debug] [2026-03-02T09:30:46.096Z] <<< [apiv2][status] GET https://firebasehosting.googleapis.com/v1beta1/projects/gestor-afiliados-2026/sites/gestor-afiliados-2026 200
[debug] [2026-03-02T09:30:46.097Z] <<< [apiv2][body] GET https://firebasehosting.googleapis.com/v1beta1/projects/gestor-afiliados-2026/sites/gestor-afiliados-2026 {"name":"projects/gestor-afiliados-2026/sites/gestor-afiliados-2026","defaultUrl":"https://gestor-afiliados-2026.web.app","type":"DEFAULT_SITE"}
[info] [baseline-browser-mapping] The data in this module is over two months old.  To ensure accurate Baseline data, please update: `npm i baseline-browser-mapping@latest -D`

[info]    ▲ Next.js 16.0.8 (Turbopack)

[info]    - Environments: .env


[info]    Creating an optimized production build ...

[info] [baseline-browser-mapping] The data in this module is over two months old.  To ensure accurate Baseline data, please update: `npm i baseline-browser-mapping@latest -D`

[info] [baseline-browser-mapping] The data in this module is over two months old.  To ensure accurate Baseline data, please update: `npm i baseline-browser-mapping@latest -D`

[info]  ✓ Compiled successfully in 2.5s

[info]    Running TypeScript ...

[info]    Collecting page data using 7 workers ...

[info] [baseline-browser-mapping] The data in this module is over two months old.  To ensure accurate Baseline data, please update: `npm i baseline-browser-mapping@latest -D`

[info] [baseline-browser-mapping] The data in this module is over two months old.  To ensure accurate Baseline data, please update: `npm i baseline-browser-mapping@latest -D`

[info] [baseline-browser-mapping] The data in this module is over two months old.  To ensure accurate Baseline data, please update: `npm i baseline-browser-mapping@latest -D`

[info] [baseline-browser-mapping] The data in this module is over two months old.  To ensure accurate Baseline data, please update: `npm i baseline-browser-mapping@latest -D`

[info] [baseline-browser-mapping] The data in this module is over two months old.  To ensure accurate Baseline data, please update: `npm i baseline-browser-mapping@latest -D`

[info] [baseline-browser-mapping] The data in this module is over two months old.  To ensure accurate Baseline data, please update: `npm i baseline-browser-mapping@latest -D`

[info] [baseline-browser-mapping] The data in this module is over two months old.  To ensure accurate Baseline data, please update: `npm i baseline-browser-mapping@latest -D`

[info]    Generating static pages using 7 workers (0/3) ...

[info] [baseline-browser-mapping] The data in this module is over two months old.  To ensure accurate Baseline data, please update: `npm i baseline-browser-mapping@latest -D`

[info]  ✓ Generating static pages using 7 workers (3/3) in 305.2ms

[info]    Finalizing page optimization ...

[info] 

[info] Route (app)
┌ ƒ /
├ ○ /_not-found
├ ƒ /organizaciones
├ ƒ /organizaciones/[id]
└ ƒ /organizaciones/[id]/alertas


[info] 
○  (Static)   prerendered as static content
ƒ  (Dynamic)  server-rendered on demand


[info] Building a Cloud Function to run this application. This is needed due to:
[info]  • non-static component /organizaciones/[id]/alertas/page
[info]  • non-static component /organizaciones/[id]/page
[info]  • non-static component /organizaciones/page
[info]  • non-static component /page
[info]  • route with server action /organizaciones/[id]/alertas
[info] 
[debug] [2026-03-02T09:30:53.390Z] Checked if tokens are valid: true, expires at: 1772447141508
[debug] [2026-03-02T09:30:53.390Z] Checked if tokens are valid: true, expires at: 1772447141508
[debug] [2026-03-02T09:30:53.390Z] >>> [apiv2][query] GET https://firebasehosting.googleapis.com/v1beta1/projects/gestor-afiliados-2026/sites/gestor-afiliados-2026 [none]
[debug] [2026-03-02T09:30:54.288Z] <<< [apiv2][status] GET https://firebasehosting.googleapis.com/v1beta1/projects/gestor-afiliados-2026/sites/gestor-afiliados-2026 200
[debug] [2026-03-02T09:30:54.288Z] <<< [apiv2][body] GET https://firebasehosting.googleapis.com/v1beta1/projects/gestor-afiliados-2026/sites/gestor-afiliados-2026 {"name":"projects/gestor-afiliados-2026/sites/gestor-afiliados-2026","defaultUrl":"https://gestor-afiliados-2026.web.app","type":"DEFAULT_SITE"}
[warn] ⚠  This integration expects Node version 20, 22, or 24. You're running version 25, problems may be encountered. 
[debug] [2026-03-02T09:31:06.107Z] [web frameworks] effective firebase.json:  {
  "hosting": [
    {
      "source": ".",
      "ignore": [
        "firebase.json",
        "**/.*",
        "**/node_modules/**"
      ],
      "frameworksBackend": {
        "region": "us-central1"
      },
      "site": "gestor-afiliados-2026",
      "rewrites": [
        {
          "source": "/**",
          "function": {
            "functionId": "ssrgestorafiliados2026",
            "region": "us-central1",
            "pinTag": true
          }
        }
      ],
      "redirects": [],
      "headers": [
        {
          "source": "/_global-error",
          "headers": [
            {
              "key": "x-nextjs-stale-time",
              "value": "300"
            },
            {
              "key": "x-nextjs-prerender",
              "value": "1"
            },
            {
              "key": "x-next-cache-tags",
              "value": "_N_T_/layout,_N_T_/_global-error/layout,_N_T_/_global-error/page,_N_T_/_global-error"
            }
          ]
        },
        {
          "source": "/_not-found",
          "headers": [
            {
              "key": "x-nextjs-stale-time",
              "value": "300"
            },
            {
              "key": "x-nextjs-prerender",
              "value": "1"
            },
            {
              "key": "x-next-cache-tags",
              "value": "_N_T_/layout,_N_T_/_not-found/layout,_N_T_/_not-found/page,_N_T_/_not-found"
            }
          ]
        },
        {
          "source": "/favicon.ico",
          "headers": [
            {
              "key": "cache-control",
              "value": "public, max-age=0, must-revalidate"
            },
            {
              "key": "content-type",
              "value": "image/x-icon"
            },
            {
              "key": "x-next-cache-tags",
              "value": "_N_T_/layout,_N_T_/favicon.ico/layout,_N_T_/favicon.ico/route,_N_T_/favicon.ico"
            }
          ]
        },
        {
          "source": "/**/*.[jt]s",
          "headers": [
            {
              "key": "Set-Cookie",
              "value": "__FIREBASE_DEFAULTS__=eyJjb25maWciOnsicHJvamVjdElkIjoiZ2VzdG9yLWFmaWxpYWRvcy0yMDI2IiwiYXBwSWQiOiIxOjcwNDYxMjM1NzIwNDp3ZWI6ZGRjMjZmNTlhZjliMGQ2ZjY4MDljMSIsInN0b3JhZ2VCdWNrZXQiOiJnZXN0b3ItYWZpbGlhZG9zLTIwMjYuZmlyZWJhc2VzdG9yYWdlLmFwcCIsImFwaUtleSI6IkFJemFTeUNvdFdWcC0tenBjc1JNUTVfVDlhenEwZkh6WWJyNjlGbyIsImF1dGhEb21haW4iOiJnZXN0b3ItYWZpbGlhZG9zLTIwMjYuZmlyZWJhc2VhcHAuY29tIiwibWVzc2FnaW5nU2VuZGVySWQiOiI3MDQ2MTIzNTcyMDQiLCJwcm9qZWN0TnVtYmVyIjoiNzA0NjEyMzU3MjA0IiwidmVyc2lvbiI6IjIifSwiX2F1dGhUb2tlblN5bmNVUkwiOiIvX19zZXNzaW9uIn0; SameSite=Strict; Expires=2028-01-25T20:11:06.107Z; Path=/;"
            }
          ]
        }
      ],
      "cleanUrls": true,
      "trailingSlash": false,
      "public": ".firebase/gestor-afiliados-2026/hosting",
      "webFramework": "next_ssr"
    }
  ],
  "functions": [
    {
      "source": "functions",
      "codebase": "default",
      "disallowLegacyRuntimeConfig": true,
      "ignore": [
        "node_modules",
        ".git",
        "firebase-debug.log",
        "firebase-debug.*.log",
        "*.local"
      ],
      "predeploy": [
        "npm --prefix \"$RESOURCE_DIR\" run lint"
      ]
    },
    {
      "source": ".firebase/gestor-afiliados-2026/functions",
      "codebase": "firebase-frameworks-gestor-afiliados-2026"
    }
  ]
}
[debug] [2026-03-02T09:31:06.107Z] > command requires scopes: ["email","openid","https://www.googleapis.com/auth/cloudplatformprojects.readonly","https://www.googleapis.com/auth/firebase","https://www.googleapis.com/auth/cloud-platform"]
[debug] [2026-03-02T09:31:06.107Z] > authorizing via signed-in user (cjsabogal@gmail.com)
[debug] [2026-03-02T09:31:06.107Z] [iam] checking project gestor-afiliados-2026 for permissions ["cloudfunctions.functions.create","cloudfunctions.functions.delete","cloudfunctions.functions.get","cloudfunctions.functions.list","cloudfunctions.functions.update","cloudfunctions.operations.get","firebase.projects.get"]
[debug] [2026-03-02T09:31:06.107Z] Checked if tokens are valid: true, expires at: 1772447141508
[debug] [2026-03-02T09:31:06.107Z] Checked if tokens are valid: true, expires at: 1772447141508
[debug] [2026-03-02T09:31:06.107Z] >>> [apiv2][query] POST https://cloudresourcemanager.googleapis.com/v1/projects/gestor-afiliados-2026:testIamPermissions [none]
[debug] [2026-03-02T09:31:06.107Z] >>> [apiv2][(partial)header] POST https://cloudresourcemanager.googleapis.com/v1/projects/gestor-afiliados-2026:testIamPermissions  x-goog-user-project=gestor-afiliados-2026
[debug] [2026-03-02T09:31:06.107Z] >>> [apiv2][body] POST https://cloudresourcemanager.googleapis.com/v1/projects/gestor-afiliados-2026:testIamPermissions {"permissions":["cloudfunctions.functions.create","cloudfunctions.functions.delete","cloudfunctions.functions.get","cloudfunctions.functions.list","cloudfunctions.functions.update","cloudfunctions.operations.get","firebase.projects.get"]}
[debug] [2026-03-02T09:31:06.646Z] <<< [apiv2][status] POST https://cloudresourcemanager.googleapis.com/v1/projects/gestor-afiliados-2026:testIamPermissions 200
[debug] [2026-03-02T09:31:06.646Z] <<< [apiv2][body] POST https://cloudresourcemanager.googleapis.com/v1/projects/gestor-afiliados-2026:testIamPermissions {"permissions":["cloudfunctions.functions.create","cloudfunctions.functions.delete","cloudfunctions.functions.get","cloudfunctions.functions.list","cloudfunctions.functions.update","cloudfunctions.operations.get","firebase.projects.get"]}
[debug] [2026-03-02T09:31:06.647Z] Checked if tokens are valid: true, expires at: 1772447141508
[debug] [2026-03-02T09:31:06.647Z] Checked if tokens are valid: true, expires at: 1772447141508
[debug] [2026-03-02T09:31:06.647Z] >>> [apiv2][query] GET https://cloudfunctions.googleapis.com/v1/projects/gestor-afiliados-2026/locations/-/functions [none]
[debug] [2026-03-02T09:31:07.333Z] <<< [apiv2][status] GET https://cloudfunctions.googleapis.com/v1/projects/gestor-afiliados-2026/locations/-/functions 200
[debug] [2026-03-02T09:31:07.334Z] <<< [apiv2][body] GET https://cloudfunctions.googleapis.com/v1/projects/gestor-afiliados-2026/locations/-/functions {}
[debug] [2026-03-02T09:31:07.334Z] Checked if tokens are valid: true, expires at: 1772447141508
[debug] [2026-03-02T09:31:07.334Z] Checked if tokens are valid: true, expires at: 1772447141508
[debug] [2026-03-02T09:31:07.334Z] >>> [apiv2][query] GET https://cloudfunctions.googleapis.com/v2/projects/gestor-afiliados-2026/locations/-/functions filter=environment%3D%22GEN_2%22
[debug] [2026-03-02T09:31:07.816Z] <<< [apiv2][status] GET https://cloudfunctions.googleapis.com/v2/projects/gestor-afiliados-2026/locations/-/functions 200
[debug] [2026-03-02T09:31:07.816Z] <<< [apiv2][body] GET https://cloudfunctions.googleapis.com/v2/projects/gestor-afiliados-2026/locations/-/functions {"functions":[{"name":"projects/gestor-afiliados-2026/locations/us-central1/functions/ssrgestorafiliados2026","buildConfig":{"build":"projects/704612357204/locations/us-central1/builds/97cc4358-6beb-4592-b188-eb142c3d13b0","runtime":"nodejs24","entryPoint":"ssrgestorafiliados2026","source":{"storageSource":{"bucket":"gcf-v2-sources-704612357204-us-central1","object":"ssrgestorafiliados2026/function-source.zip","generation":"1772419441546881"}},"environmentVariables":{"GOOGLE_NODE_RUN_SCRIPTS":""},"dockerRepository":"projects/gestor-afiliados-2026/locations/us-central1/repositories/gcf-artifacts","sourceProvenance":{"resolvedStorageSource":{"bucket":"gcf-v2-sources-704612357204-us-central1","object":"ssrgestorafiliados2026/function-source.zip","generation":"1772419441546881"}},"dockerRegistry":"ARTIFACT_REGISTRY","serviceAccount":"projects/gestor-afiliados-2026/serviceAccounts/704612357204-compute@developer.gserviceaccount.com","automaticUpdatePolicy":{}},"serviceConfig":{"service":"projects/gestor-afiliados-2026/locations/us-central1/services/ssrgestorafiliados2026","timeoutSeconds":60,"environmentVariables":{"DATABASE_URL":"postgresql://postgres.nlxnxvrkyxdflxdfizag:Proyecto.2025%24%24@aws-0-us-west-2.pooler.supabase.com:6543/postgres?pgbouncer=true&connection_limit=1","NEXT_PUBLIC_SUPABASE_URL":"https://nlxnxvrkyxdflxdfizag.supabase.co","NEXT_PUBLIC_SUPABASE_ANON_KEY":"eyJhbGciOiJIUzI1NiIsInR5cCI6IkpXVCJ9.eyJpc3MiOiJzdXBhYmFzZSIsInJlZiI6Im5seG54dnJreXhkZmx4ZGZpemFnIiwicm9sZSI6ImFub24iLCJpYXQiOjE3NjU0NDk2OTQsImV4cCI6MjA4MTAyNTY5NH0.xTgowE7F-5iyejR6pTdOvjGAEi1-5Je-MM4gRX9cDRE","VERCEL_URL":"gestor-afiliados-2026.web.app","__FIREBASE_FRAMEWORKS_ENTRY__":"next.js","__FIREBASE_DEFAULTS__":"{\"config\":{\"projectId\":\"gestor-afiliados-2026\",\"appId\":\"1:704612357204:web:ddc26f59af9b0d6f6809c1\",\"storageBucket\":\"gestor-afiliados-2026.firebasestorage.app\",\"apiKey\":\"AIzaSyCotWVp--zpcsRMQ5_T9azq0fHzYbr69Fo\",\"authDomain\":\"gestor-afiliados-2026.firebaseapp.com\",\"messagingSenderId\":\"704612357204\",\"projectNumber\":\"704612357204\",\"version\":\"2\"},\"_authTokenSyncURL\":\"/__session\"}","FIREBASE_CONFIG":"{\"projectId\":\"gestor-afiliados-2026\",\"storageBucket\":\"gestor-afiliados-2026.firebasestorage.app\"}","GCLOUD_PROJECT":"gestor-afiliados-2026","EVENTARC_CLOUD_EVENT_SOURCE":"projects/gestor-afiliados-2026/locations/us-central1/services/ssrgestorafiliados2026","FUNCTION_TARGET":"ssrgestorafiliados2026","LOG_EXECUTION_ID":"true"},"ingressSettings":"ALLOW_ALL","uri":"https://ssrgestorafiliados2026-fx666fkdda-uc.a.run.app","serviceAccountEmail":"704612357204-compute@developer.gserviceaccount.com","availableMemory":"256Mi","allTrafficOnLatestRevision":true,"revision":"ssrgestorafiliados2026-00001-kob","maxInstanceRequestConcurrency":80,"availableCpu":"1"},"state":"ACTIVE","updateTime":"2026-03-02T02:47:33.354468109Z","labels":{"firebase-functions-hash":"4384ca20427b62ed37bb636b9bf64f8a807cd9e3","deployment-tool":"cli-firebase","firebase-functions-codebase":"firebase-frameworks-gestor-afiliados-2026"},"environment":"GEN_2","url":"https://us-central1-gestor-afiliados-2026.cloudfunctions.net/ssrgestorafiliados2026","createTime":"2026-03-02T02:44:01.924495491Z","satisfiesPzi":true}]}
[info] i  hosting: The following function(s) are pinned to site gestor-afiliados-2026 and will be deployed as well: ssrgestorafiliados2026 
[info] 
[info] === Deploying to 'gestor-afiliados-2026'...
[info] 
[info] i  deploying functions, hosting 
[debug] [2026-03-02T09:31:07.821Z] Checked if tokens are valid: true, expires at: 1772447141508
[debug] [2026-03-02T09:31:07.821Z] Checked if tokens are valid: true, expires at: 1772447141508
[debug] [2026-03-02T09:31:07.822Z] >>> [apiv2][query] GET https://cloudresourcemanager.googleapis.com/v1/projects/gestor-afiliados-2026 [none]
[debug] [2026-03-02T09:31:07.987Z] <<< [apiv2][status] GET https://cloudresourcemanager.googleapis.com/v1/projects/gestor-afiliados-2026 200
[debug] [2026-03-02T09:31:07.987Z] <<< [apiv2][body] GET https://cloudresourcemanager.googleapis.com/v1/projects/gestor-afiliados-2026 {"projectNumber":"704612357204","projectId":"gestor-afiliados-2026","lifecycleState":"ACTIVE","name":"Gestor Afiliados 2026","labels":{"firebase":"enabled","firebase-core":"disabled"},"createTime":"2026-03-02T01:37:01.454862Z"}
[info] i  functions: preparing codebase firebase-frameworks-gestor-afiliados-2026 for deployment 
[info] i  functions: ensuring required API cloudfunctions.googleapis.com is enabled... 
[info] i  functions: ensuring required API cloudbuild.googleapis.com is enabled... 
[info] i  artifactregistry: ensuring required API artifactregistry.googleapis.com is enabled... 
[debug] [2026-03-02T09:31:07.989Z] Checked if tokens are valid: true, expires at: 1772447141508
[debug] [2026-03-02T09:31:07.989Z] Checked if tokens are valid: true, expires at: 1772447141508
[debug] [2026-03-02T09:31:07.990Z] >>> [apiv2][query] GET https://firebase.googleapis.com/v1beta1/projects/gestor-afiliados-2026/adminSdkConfig [none]
[debug] [2026-03-02T09:31:08.295Z] <<< [apiv2][status] GET https://firebase.googleapis.com/v1beta1/projects/gestor-afiliados-2026/adminSdkConfig 200
[debug] [2026-03-02T09:31:08.295Z] <<< [apiv2][body] GET https://firebase.googleapis.com/v1beta1/projects/gestor-afiliados-2026/adminSdkConfig {"projectId":"gestor-afiliados-2026","storageBucket":"gestor-afiliados-2026.firebasestorage.app"}
[debug] [2026-03-02T09:31:08.295Z] Checked if tokens are valid: true, expires at: 1772447141508
[debug] [2026-03-02T09:31:08.296Z] Checked if tokens are valid: true, expires at: 1772447141508
[debug] [2026-03-02T09:31:08.296Z] >>> [apiv2][query] GET https://runtimeconfig.googleapis.com/v1beta1/projects/gestor-afiliados-2026/configs [none]
[debug] [2026-03-02T09:31:08.806Z] <<< [apiv2][status] GET https://runtimeconfig.googleapis.com/v1beta1/projects/gestor-afiliados-2026/configs 200
[debug] [2026-03-02T09:31:08.807Z] <<< [apiv2][body] GET https://runtimeconfig.googleapis.com/v1beta1/projects/gestor-afiliados-2026/configs {}
[debug] [2026-03-02T09:31:08.808Z] Validating nodejs source
[warn] ⚠  functions: package.json indicates an outdated version of firebase-functions. Please upgrade using npm install --save firebase-functions@latest in your functions directory. 
[warn] ⚠  functions: Please note that there will be breaking changes when you upgrade. 
[debug] [2026-03-02T09:31:09.211Z] > [functions] package.json contents: {
  "name": "gestor-afiliados",
  "version": "0.1.0",
  "private": true,
  "dependencies": {
    "clsx": "^2.1.1",
    "dotenv": "^17.2.3",
    "firebase": "^12.10.0",
    "firebase-admin": "^13.7.0",
    "lucide-react": "^0.560.0",
    "next": "16.0.8",
    "react": "19.2.1",
    "react-dom": "19.2.1",
    "tailwind-merge": "^3.4.0",
    "zod": "^4.1.13",
    "firebase-frameworks": "^0.11.0",
    "firebase-functions": "^6.0.1"
  },
  "main": "server.js",
  "engines": {
    "node": "24"
  }
}
[debug] [2026-03-02T09:31:09.211Z] Building nodejs source
[info] i  functions: Loading and analyzing source code for codebase firebase-frameworks-gestor-afiliados-2026 to determine what to deploy 
[debug] [2026-03-02T09:31:09.212Z] Could not find functions.yaml. Must use http discovery
[debug] [2026-03-02T09:31:09.216Z] Found firebase-functions binary at '/Users/carlossabogal/Desktop/Proyectos 2026/gestor-afiliados/.firebase/gestor-afiliados-2026/functions/node_modules/.bin/firebase-functions'
[info] Serving at port 8752

[debug] [2026-03-02T09:31:10.031Z] Got response from /__/functions.yaml {"endpoints":{"ssrgestorafiliados2026":{"availableMemoryMb":null,"timeoutSeconds":null,"minInstances":null,"maxInstances":null,"ingressSettings":null,"concurrency":null,"serviceAccountEmail":null,"vpc":null,"platform":"gcfv2","region":["us-central1"],"labels":{},"httpsTrigger":{},"entryPoint":"ssrgestorafiliados2026"}},"specVersion":"v1alpha1","requiredAPIs":[],"extensions":{}}
[info] i  extensions: ensuring required API firebaseextensions.googleapis.com is enabled... 
[debug] [2026-03-02T09:31:14.042Z] > command requires scopes: ["email","openid","https://www.googleapis.com/auth/cloudplatformprojects.readonly","https://www.googleapis.com/auth/firebase","https://www.googleapis.com/auth/cloud-platform"]
[debug] [2026-03-02T09:31:14.042Z] > authorizing via signed-in user (cjsabogal@gmail.com)
[debug] [2026-03-02T09:31:14.042Z] [iam] checking project gestor-afiliados-2026 for permissions ["firebase.projects.get","firebaseextensions.instances.list"]
[debug] [2026-03-02T09:31:14.042Z] Checked if tokens are valid: true, expires at: 1772447141508
[debug] [2026-03-02T09:31:14.042Z] Checked if tokens are valid: true, expires at: 1772447141508
[debug] [2026-03-02T09:31:14.042Z] >>> [apiv2][query] POST https://cloudresourcemanager.googleapis.com/v1/projects/gestor-afiliados-2026:testIamPermissions [none]
[debug] [2026-03-02T09:31:14.042Z] >>> [apiv2][(partial)header] POST https://cloudresourcemanager.googleapis.com/v1/projects/gestor-afiliados-2026:testIamPermissions  x-goog-user-project=gestor-afiliados-2026
[debug] [2026-03-02T09:31:14.042Z] >>> [apiv2][body] POST https://cloudresourcemanager.googleapis.com/v1/projects/gestor-afiliados-2026:testIamPermissions {"permissions":["firebase.projects.get","firebaseextensions.instances.list"]}
[debug] [2026-03-02T09:31:14.595Z] <<< [apiv2][status] POST https://cloudresourcemanager.googleapis.com/v1/projects/gestor-afiliados-2026:testIamPermissions 200
[debug] [2026-03-02T09:31:14.596Z] <<< [apiv2][body] POST https://cloudresourcemanager.googleapis.com/v1/projects/gestor-afiliados-2026:testIamPermissions {"permissions":["firebase.projects.get","firebaseextensions.instances.list"]}
[debug] [2026-03-02T09:31:14.596Z] Checked if tokens are valid: true, expires at: 1772447141508
[debug] [2026-03-02T09:31:14.596Z] Checked if tokens are valid: true, expires at: 1772447141508
[debug] [2026-03-02T09:31:14.596Z] >>> [apiv2][query] GET https://firebaseextensions.googleapis.com/v1beta/projects/gestor-afiliados-2026/instances pageSize=100&pageToken=
[debug] [2026-03-02T09:31:15.452Z] <<< [apiv2][status] GET https://firebaseextensions.googleapis.com/v1beta/projects/gestor-afiliados-2026/instances 200
[debug] [2026-03-02T09:31:15.453Z] <<< [apiv2][body] GET https://firebaseextensions.googleapis.com/v1beta/projects/gestor-afiliados-2026/instances {}
[info] i  functions: Loaded environment variables from .env. 
[info] i  functions: preparing .firebase/gestor-afiliados-2026/functions directory for uploading... 
[info] i  functions: packaged /Users/carlossabogal/Desktop/Proyectos 2026/gestor-afiliados/.firebase/gestor-afiliados-2026/functions (12.39 MB) for uploading 
[info] i  functions: ensuring required API run.googleapis.com is enabled... 
[info] i  functions: ensuring required API eventarc.googleapis.com is enabled... 
[info] i  functions: ensuring required API pubsub.googleapis.com is enabled... 
[info] i  functions: ensuring required API storage.googleapis.com is enabled... 
[info] i  functions: generating the service identity for pubsub.googleapis.com... 
[debug] [2026-03-02T09:31:16.116Z] Checked if tokens are valid: true, expires at: 1772447141508
[debug] [2026-03-02T09:31:16.116Z] Checked if tokens are valid: true, expires at: 1772447141508
[info] i  functions: generating the service identity for eventarc.googleapis.com... 
[debug] [2026-03-02T09:31:16.116Z] Checked if tokens are valid: true, expires at: 1772447141508
[debug] [2026-03-02T09:31:16.116Z] Checked if tokens are valid: true, expires at: 1772447141508
[debug] [2026-03-02T09:31:16.116Z] >>> [apiv2][query] POST https://serviceusage.googleapis.com/v1beta1/projects/704612357204/services/pubsub.googleapis.com:generateServiceIdentity [none]
[debug] [2026-03-02T09:31:16.116Z] >>> [apiv2][(partial)header] POST https://serviceusage.googleapis.com/v1beta1/projects/704612357204/services/pubsub.googleapis.com:generateServiceIdentity  x-goog-user-project=704612357204
[debug] [2026-03-02T09:31:16.116Z] >>> [apiv2][body] POST https://serviceusage.googleapis.com/v1beta1/projects/704612357204/services/pubsub.googleapis.com:generateServiceIdentity {}
[debug] [2026-03-02T09:31:16.117Z] >>> [apiv2][query] POST https://serviceusage.googleapis.com/v1beta1/projects/704612357204/services/eventarc.googleapis.com:generateServiceIdentity [none]
[debug] [2026-03-02T09:31:16.117Z] >>> [apiv2][(partial)header] POST https://serviceusage.googleapis.com/v1beta1/projects/704612357204/services/eventarc.googleapis.com:generateServiceIdentity  x-goog-user-project=704612357204
[debug] [2026-03-02T09:31:16.117Z] >>> [apiv2][body] POST https://serviceusage.googleapis.com/v1beta1/projects/704612357204/services/eventarc.googleapis.com:generateServiceIdentity {}
[debug] [2026-03-02T09:31:16.942Z] <<< [apiv2][status] POST https://serviceusage.googleapis.com/v1beta1/projects/704612357204/services/pubsub.googleapis.com:generateServiceIdentity 200
[debug] [2026-03-02T09:31:16.942Z] <<< [apiv2][body] POST https://serviceusage.googleapis.com/v1beta1/projects/704612357204/services/pubsub.googleapis.com:generateServiceIdentity {"name":"operations/finished.DONE_OPERATION","done":true,"response":{"@type":"type.googleapis.com/google.api.serviceusage.v1beta1.ServiceIdentity","email":"service-704612357204@gcp-sa-pubsub.iam.gserviceaccount.com","uniqueId":"102306706094180171961"}}
[debug] [2026-03-02T09:31:16.968Z] <<< [apiv2][status] POST https://serviceusage.googleapis.com/v1beta1/projects/704612357204/services/eventarc.googleapis.com:generateServiceIdentity 200
[debug] [2026-03-02T09:31:16.968Z] <<< [apiv2][body] POST https://serviceusage.googleapis.com/v1beta1/projects/704612357204/services/eventarc.googleapis.com:generateServiceIdentity {"name":"operations/finished.DONE_OPERATION","done":true,"response":{"@type":"type.googleapis.com/google.api.serviceusage.v1beta1.ServiceIdentity","email":"service-704612357204@gcp-sa-eventarc.iam.gserviceaccount.com","uniqueId":"115821866242780197106"}}
[debug] [2026-03-02T09:31:16.972Z] Checked if tokens are valid: true, expires at: 1772447141508
[debug] [2026-03-02T09:31:16.972Z] Checked if tokens are valid: true, expires at: 1772447141508
[debug] [2026-03-02T09:31:16.972Z] >>> [apiv2][query] GET https://cloudresourcemanager.googleapis.com/v1/projects/gestor-afiliados-2026 [none]
[debug] [2026-03-02T09:31:17.113Z] <<< [apiv2][status] GET https://cloudresourcemanager.googleapis.com/v1/projects/gestor-afiliados-2026 200
[debug] [2026-03-02T09:31:17.113Z] <<< [apiv2][body] GET https://cloudresourcemanager.googleapis.com/v1/projects/gestor-afiliados-2026 {"projectNumber":"704612357204","projectId":"gestor-afiliados-2026","lifecycleState":"ACTIVE","name":"Gestor Afiliados 2026","labels":{"firebase":"enabled","firebase-core":"disabled"},"createTime":"2026-03-02T01:37:01.454862Z"}
[debug] [2026-03-02T09:31:17.114Z] Checked if tokens are valid: true, expires at: 1772447141508
[debug] [2026-03-02T09:31:17.114Z] Checked if tokens are valid: true, expires at: 1772447141508
[debug] [2026-03-02T09:31:17.114Z] >>> [apiv2][query] GET https://compute.googleapis.com/compute/v1/projects/704612357204 [none]
[debug] [2026-03-02T09:31:17.411Z] <<< [apiv2][status] GET https://compute.googleapis.com/compute/v1/projects/704612357204 403
[debug] [2026-03-02T09:31:17.412Z] <<< [apiv2][body] GET https://compute.googleapis.com/compute/v1/projects/704612357204 {"error":{"code":403,"message":"Compute Engine API has not been used in project 704612357204 before or it is disabled. Enable it by visiting https://console.developers.google.com/apis/api/compute.googleapis.com/overview?project=704612357204 then retry. If you enabled this API recently, wait a few minutes for the action to propagate to our systems and retry.","errors":[{"message":"Compute Engine API has not been used in project 704612357204 before or it is disabled. Enable it by visiting https://console.developers.google.com/apis/api/compute.googleapis.com/overview?project=704612357204 then retry. If you enabled this API recently, wait a few minutes for the action to propagate to our systems and retry.","domain":"usageLimits","reason":"accessNotConfigured","extendedHelp":"https://console.developers.google.com"}],"status":"PERMISSION_DENIED","details":[{"@type":"type.googleapis.com/google.rpc.ErrorInfo","reason":"SERVICE_DISABLED","domain":"googleapis.com","metadata":{"activationUrl":"https://console.developers.google.com/apis/api/compute.googleapis.com/overview?project=704612357204","service":"compute.googleapis.com","containerInfo":"704612357204","serviceTitle":"Compute Engine API","consumer":"projects/704612357204"}},{"@type":"type.googleapis.com/google.rpc.LocalizedMessage","locale":"en-US","message":"Compute Engine API has not been used in project 704612357204 before or it is disabled. Enable it by visiting https://console.developers.google.com/apis/api/compute.googleapis.com/overview?project=704612357204 then retry. If you enabled this API recently, wait a few minutes for the action to propagate to our systems and retry."},{"@type":"type.googleapis.com/google.rpc.Help","links":[{"description":"Google developers console API activation","url":"https://console.developers.google.com/apis/api/compute.googleapis.com/overview?project=704612357204"}]}]}}
[debug] [2026-03-02T09:31:17.412Z] unable to look up default compute service account. Falling back to 704612357204-compute@developer.gserviceaccount.com. Error: {"name":"FirebaseError","children":[],"context":{"body":{"error":{"code":403,"message":"Compute Engine API has not been used in project 704612357204 before or it is disabled. Enable it by visiting https://console.developers.google.com/apis/api/compute.googleapis.com/overview?project=704612357204 then retry. If you enabled this API recently, wait a few minutes for the action to propagate to our systems and retry.","errors":[{"message":"Compute Engine API has not been used in project 704612357204 before or it is disabled. Enable it by visiting https://console.developers.google.com/apis/api/compute.googleapis.com/overview?project=704612357204 then retry. If you enabled this API recently, wait a few minutes for the action to propagate to our systems and retry.","domain":"usageLimits","reason":"accessNotConfigured","extendedHelp":"https://console.developers.google.com"}],"status":"PERMISSION_DENIED","details":[{"@type":"type.googleapis.com/google.rpc.ErrorInfo","reason":"SERVICE_DISABLED","domain":"googleapis.com","metadata":{"activationUrl":"https://console.developers.google.com/apis/api/compute.googleapis.com/overview?project=704612357204","service":"compute.googleapis.com","containerInfo":"704612357204","serviceTitle":"Compute Engine API","consumer":"projects/704612357204"}},{"@type":"type.googleapis.com/google.rpc.LocalizedMessage","locale":"en-US","message":"Compute Engine API has not been used in project 704612357204 before or it is disabled. Enable it by visiting https://console.developers.google.com/apis/api/compute.googleapis.com/overview?project=704612357204 then retry. If you enabled this API recently, wait a few minutes for the action to propagate to our systems and retry."},{"@type":"type.googleapis.com/google.rpc.Help","links":[{"description":"Google developers console API activation","url":"https://console.developers.google.com/apis/api/compute.googleapis.com/overview?project=704612357204"}]}]}},"response":{"statusCode":403}},"exit":1,"message":"Request to https://compute.googleapis.com/compute/v1/projects/704612357204 had HTTP Error: 403, Compute Engine API has not been used in project 704612357204 before or it is disabled. Enable it by visiting https://console.developers.google.com/apis/api/compute.googleapis.com/overview?project=704612357204 then retry. If you enabled this API recently, wait a few minutes for the action to propagate to our systems and retry.","status":403}
[debug] [2026-03-02T09:31:17.417Z] Checked if tokens are valid: true, expires at: 1772447141508
[debug] [2026-03-02T09:31:17.417Z] Checked if tokens are valid: true, expires at: 1772447141508
[debug] [2026-03-02T09:31:17.417Z] >>> [apiv2][query] POST https://firebasehosting.googleapis.com/v1beta1/projects/-/sites/gestor-afiliados-2026/versions [none]
[debug] [2026-03-02T09:31:17.417Z] >>> [apiv2][body] POST https://firebasehosting.googleapis.com/v1beta1/projects/-/sites/gestor-afiliados-2026/versions {"status":"CREATED","labels":{"deployment-tool":"cli-firebase","firebase-web-framework":"next_ssr"}}
[debug] [2026-03-02T09:31:18.727Z] <<< [apiv2][status] POST https://firebasehosting.googleapis.com/v1beta1/projects/-/sites/gestor-afiliados-2026/versions 200
[debug] [2026-03-02T09:31:18.727Z] <<< [apiv2][body] POST https://firebasehosting.googleapis.com/v1beta1/projects/-/sites/gestor-afiliados-2026/versions {"name":"projects/704612357204/sites/gestor-afiliados-2026/versions/478b4f51f0074c3f","status":"CREATED","config":{},"labels":{"deployment-tool":"cli-firebase","firebase-web-framework":"next_ssr"}}
[debug] [2026-03-02T09:31:18.728Z] Checked if tokens are valid: true, expires at: 1772447141508
[debug] [2026-03-02T09:31:18.728Z] Checked if tokens are valid: true, expires at: 1772447141508
[debug] [2026-03-02T09:31:18.728Z] >>> [apiv2][query] GET https://cloudbilling.googleapis.com/v1/projects/gestor-afiliados-2026/billingInfo [none]
[debug] [2026-03-02T09:31:19.390Z] <<< [apiv2][status] GET https://cloudbilling.googleapis.com/v1/projects/gestor-afiliados-2026/billingInfo 200
[debug] [2026-03-02T09:31:19.391Z] <<< [apiv2][body] GET https://cloudbilling.googleapis.com/v1/projects/gestor-afiliados-2026/billingInfo {"name":"projects/gestor-afiliados-2026/billingInfo","projectId":"gestor-afiliados-2026","billingAccountName":"billingAccounts/014FB1-AF80BA-5C71AF","billingEnabled":true}
[debug] [2026-03-02T09:31:19.393Z] Checked if tokens are valid: true, expires at: 1772447141508
[debug] [2026-03-02T09:31:19.393Z] Checked if tokens are valid: true, expires at: 1772447141508
[debug] [2026-03-02T09:31:19.393Z] >>> [apiv2][query] POST https://cloudfunctions.googleapis.com/v2/projects/gestor-afiliados-2026/locations/us-central1/functions:generateUploadUrl [none]
[debug] [2026-03-02T09:31:19.840Z] <<< [apiv2][status] POST https://cloudfunctions.googleapis.com/v2/projects/gestor-afiliados-2026/locations/us-central1/functions:generateUploadUrl 200
[debug] [2026-03-02T09:31:19.840Z] <<< [apiv2][body] POST https://cloudfunctions.googleapis.com/v2/projects/gestor-afiliados-2026/locations/us-central1/functions:generateUploadUrl {"uploadUrl":"https://storage.googleapis.com/gcf-v2-uploads-704612357204.us-central1.cloudfunctions.appspot.com/48d734cf-fc60-4479-b449-ccd8f389a76a.zip?GoogleAccessId=service-704612357204@gcf-admin-robot.iam.gserviceaccount.com&Expires=1772445679&Signature=wFGrxIMOXmHeYToo%2F0Z6d0RzySxoUkDEMrc%2BTPKr7QibUpBTZgKdfXrmd8mE%2BpkjIq59D9ZSnL%2F8JNxi6jfdXo06Z5HudpXJFokRk1EwoTdQ5GlOd81ksVQrlGcnAQ0TdCJXPYCjtcwMNb0Vez4xyqELiTwk3GyULAj7SMco1%2BWVjo9O%2BDsnjLXjN2oyzgCWnLNMChBUT0vVluhp7U8OXal5XJf5NJNs6JmJGcmIMYaMwSUK267cDWApPSf5X%2F7W%2BUE7VT6l7G4Iy8FwPFKk8z5z55Ao%2BQfvLuR9nSvfiPSOfE1iEI8VdDiYAhVAcypPb2MDyFnsgx9%2FgJNj73iO0Q%3D%3D","storageSource":{"bucket":"gcf-v2-uploads-704612357204.us-central1.cloudfunctions.appspot.com","object":"48d734cf-fc60-4479-b449-ccd8f389a76a.zip"}}
[debug] [2026-03-02T09:31:19.841Z] >>> [apiv2][query] PUT https://storage.googleapis.com/gcf-v2-uploads-704612357204.us-central1.cloudfunctions.appspot.com/48d734cf-fc60-4479-b449-ccd8f389a76a.zip GoogleAccessId=service-704612357204%40gcf-admin-robot.iam.gserviceaccount.com&Expires=1772445679&Signature=wFGrxIMOXmHeYToo%2F0Z6d0RzySxoUkDEMrc%2BTPKr7QibUpBTZgKdfXrmd8mE%2BpkjIq59D9ZSnL%2F8JNxi6jfdXo06Z5HudpXJFokRk1EwoTdQ5GlOd81ksVQrlGcnAQ0TdCJXPYCjtcwMNb0Vez4xyqELiTwk3GyULAj7SMco1%2BWVjo9O%2BDsnjLXjN2oyzgCWnLNMChBUT0vVluhp7U8OXal5XJf5NJNs6JmJGcmIMYaMwSUK267cDWApPSf5X%2F7W%2BUE7VT6l7G4Iy8FwPFKk8z5z55Ao%2BQfvLuR9nSvfiPSOfE1iEI8VdDiYAhVAcypPb2MDyFnsgx9%2FgJNj73iO0Q%3D%3D
[debug] [2026-03-02T09:31:19.842Z] >>> [apiv2][body] PUT https://storage.googleapis.com/gcf-v2-uploads-704612357204.us-central1.cloudfunctions.appspot.com/48d734cf-fc60-4479-b449-ccd8f389a76a.zip [stream]
[debug] [2026-03-02T09:31:22.233Z] <<< [apiv2][status] PUT https://storage.googleapis.com/gcf-v2-uploads-704612357204.us-central1.cloudfunctions.appspot.com/48d734cf-fc60-4479-b449-ccd8f389a76a.zip 200
[debug] [2026-03-02T09:31:22.233Z] <<< [apiv2][body] PUT https://storage.googleapis.com/gcf-v2-uploads-704612357204.us-central1.cloudfunctions.appspot.com/48d734cf-fc60-4479-b449-ccd8f389a76a.zip [omitted]
[info] ✔  functions: .firebase/gestor-afiliados-2026/functions source uploaded successfully 
[info] i  hosting[gestor-afiliados-2026]: beginning deploy... 
[info] i  hosting[gestor-afiliados-2026]: found 34 files in .firebase/gestor-afiliados-2026/hosting 
[debug] [2026-03-02T09:31:22.245Z] [hosting] uploading with 200 concurrency
[debug] [2026-03-02T09:31:22.279Z] Checked if tokens are valid: true, expires at: 1772447141508
[debug] [2026-03-02T09:31:22.279Z] Checked if tokens are valid: true, expires at: 1772447141508
[debug] [2026-03-02T09:31:22.281Z] [hosting] hash cache [LmZpcmViYXNlL2dlc3Rvci1hZmlsaWFkb3MtMjAyNi9ob3N0aW5n] stored for 34 files
[debug] [2026-03-02T09:31:22.281Z] [hosting][hash queue][FINAL] {"max":27,"min":15,"avg":16.323529411764707,"active":0,"complete":34,"success":34,"errored":0,"retried":0,"total":34,"elapsed":33}
[debug] [2026-03-02T09:31:22.281Z] >>> [apiv2][query] POST https://firebasehosting.googleapis.com/v1beta1/projects/704612357204/sites/gestor-afiliados-2026/versions/478b4f51f0074c3f:populateFiles [none]
[debug] [2026-03-02T09:31:22.281Z] >>> [apiv2][body] POST https://firebasehosting.googleapis.com/v1beta1/projects/704612357204/sites/gestor-afiliados-2026/versions/478b4f51f0074c3f:populateFiles {"files":{"/window.svg":"11deaca6eadbb148caace8a5fe4a67353112de0afc5da83005d4797e403ab4f1","/vercel.svg":"9a61e768442ba3450026d0d69421315044931cbffaf8f6019f856ea82dd91e4e","/file.svg":"154a8c2948836a88c695a789045bc44cc74c3d8958d5785a531d26324bc42cb1","/globe.svg":"ffe166407c928caa4d1640e2786d3385468043b3b9e6ea2282d4a3e370b3bc23","/next.svg":"33c5c6ad1d08bb69d8026289530e377b4d6e2a96f24562e209fd1e1e9ccee64a","/_global-error.html":"73ab0df9a29c0224ace9b945c498ce906e61d6c886a594895fe51744e60e0cc0","/_not-found.html":"52b841ea9a6bba573955edb7418f73a5effb599a584ba4dde3ec494da3c7a0d1","/404.html":"52b841ea9a6bba573955edb7418f73a5effb599a584ba4dde3ec494da3c7a0d1","/500.html":"73ab0df9a29c0224ace9b945c498ce906e61d6c886a594895fe51744e60e0cc0","/_next/static/media/ad66f9afd8947f86-s.7a40eb73.woff2":"1a0e14609112860ada68bcd117557d881c437c49a652fc25f03478d32db23261","/_next/static/chunks/turbopack-7300f9c09b003380.js":"191014d4379a113a7477d2260df2c5dcf6d58d770d5566ef246416571d3fde66","/_next/static/media/2bbe8d2671613f1f-s.76dcb0b2.woff2":"bbf2b69affb52c37fbd41b4c75ae7fc2f2421b70be2218dbe876cef0fcdc18a9","/_next/static/chunks/ff1a16fafef87110.js":"7997e40a78a2cd2367cfa87560a142eaef3ef94866b9a257bfd46e22676dab6a","/_next/static/chunks/d28715b6e6c9ec60.js":"ccb6ed0695b7ed12fb52230721e23bf120b16d7335a856216e045c1a3c2a37c7","/_next/static/chunks/cbd55ab9639e1e66.js":"ac538a378fd5059b9aabc6d4cb01c58366e51f41b4effeff0129d95f24a35f93","/_next/static/chunks/796e69ae18b2784c.js":"2d24e3ffa65509f334d9c7cbdc412ea18296bd744433381e6404c085a10767c8","/_next/static/chunks/ab3c3bcbb731a8e3.css":"9d421d07fdb99acb8a5b810a7937487d630934ca455e7d2c7e996f2073ea3a1c","/favicon.ico":"04614fc32690cb60b39e472119b7f7aa91d88eaeb8511a7489f8cbe1552e6e59","/_next/static/media/favicon.0b3bf435.ico":"04614fc32690cb60b39e472119b7f7aa91d88eaeb8511a7489f8cbe1552e6e59","/_next/static/chunks/4a9cc9e7de18262f.js":"cb0d24b97a197cff7ba8cd82efaf167e1e38535c7ccf8d5c379a9f83e92b9aa5","/_next/static/chunks/685bf6e9664ccabf.js":"f533e6eed81aa7528c078c325d748f08e12c97a3c986d1a706076c120d050b23","/_next/static/8li2eHWoEU-pFT1X2dPOr/_ssgManifest.js":"02dbc1aeab6ef0a6ff2ff9a1643158cf9bb38929945eaa343a3627dee9ba6778","/_next/static/8li2eHWoEU-pFT1X2dPOr/_clientMiddlewareManifest.json":"6731668a37f6a3ed10d77860e21c7ba693c377a061571ffa58564d1d699c1798","/_next/static/chunks/247eb132b7f7b574.js":"edce316d90edac9a43825b261b345bd1eddab7d6197a7b4f8e249078fc9eb6af","/_next/static/8li2eHWoEU-pFT1X2dPOr/_buildManifest.js":"615bff88115b95e28f767491701e61ecffa7e94106127d229aa17a5905c320ed","/_next/static/media/9c72aa0f40e4eef8-s.18a48cbc.woff2":"69b712845915b227a032ed002c8cae93e0afd30cdc1747521391cb28d7a85b2d","/_next/static/media/2c55a0e60120577a-s.2a48534a.woff2":"f0ecc695a3b918275e49fd1e0d0352d3ef30da72a5a9603cbc6d3198d3cd7973","/_next/static/media/5476f68d60460930-s.c995e352.woff2":"8aadd51ae9b055e4863a6e29be15a5aa03854248c02245563b0aa4e33d914dd7","/_next/static/media/83afe278b6a6bb3c-s.p.3a6ba036.woff2":"8c557ee38aa70398be376065b1f0e76e66d8d3ca5473a66bfd0e0f9caf0f3875","/_next/static/chunks/a92b6a2da18471af.js":"5a22d06d7d2e9f78e192599afa80708417af92d585e8c92913779fe60227785d","/_next/static/chunks/c32f0070df268ef8.js":"a64bfb1883ae8a57bc6f9e2f6495d66acc8940d27e85d06ad8d6dfede8cb9676","/_next/static/media/1bffadaabf893a1e-s.7cd81963.woff2":"b73d80e61b71aed2c1974e457ce449eeae68f9f5e937cafdac5243d81c34a76b","/_next/static/chunks/a6dad97d9634a72d.js":"bea630d9824beca22855271c757404b58bb7b410c52a5e7d58d69ff26d9ddd0b","/_next/static/chunks/3a94daa1c77c8122.js":"2b36968c36efb8f11e21a1217756e2630d55125d766a956187f5c4302573e213"}}
[debug] [2026-03-02T09:31:22.903Z] <<< [apiv2][status] POST https://firebasehosting.googleapis.com/v1beta1/projects/704612357204/sites/gestor-afiliados-2026/versions/478b4f51f0074c3f:populateFiles 200
[debug] [2026-03-02T09:31:22.903Z] <<< [apiv2][body] POST https://firebasehosting.googleapis.com/v1beta1/projects/704612357204/sites/gestor-afiliados-2026/versions/478b4f51f0074c3f:populateFiles {"uploadRequiredHashes":["52b841ea9a6bba573955edb7418f73a5effb599a584ba4dde3ec494da3c7a0d1","73ab0df9a29c0224ace9b945c498ce906e61d6c886a594895fe51744e60e0cc0"],"uploadUrl":"https://upload-firebasehosting.googleapis.com/upload/sites/gestor-afiliados-2026/versions/478b4f51f0074c3f/files"}
[debug] [2026-03-02T09:31:22.903Z] Checked if tokens are valid: true, expires at: 1772447141508
[debug] [2026-03-02T09:31:22.903Z] Checked if tokens are valid: true, expires at: 1772447141508
[debug] [2026-03-02T09:31:22.903Z] Checked if tokens are valid: true, expires at: 1772447141508
[debug] [2026-03-02T09:31:22.904Z] Checked if tokens are valid: true, expires at: 1772447141508
[debug] [2026-03-02T09:31:22.904Z] >>> [apiv2][query] POST https://upload-firebasehosting.googleapis.com/upload/sites/gestor-afiliados-2026/versions/478b4f51f0074c3f/files/52b841ea9a6bba573955edb7418f73a5effb599a584ba4dde3ec494da3c7a0d1 [none]
[debug] [2026-03-02T09:31:22.904Z] >>> [apiv2][body] POST https://upload-firebasehosting.googleapis.com/upload/sites/gestor-afiliados-2026/versions/478b4f51f0074c3f/files/52b841ea9a6bba573955edb7418f73a5effb599a584ba4dde3ec494da3c7a0d1 [stream]
[debug] [2026-03-02T09:31:22.905Z] >>> [apiv2][query] POST https://upload-firebasehosting.googleapis.com/upload/sites/gestor-afiliados-2026/versions/478b4f51f0074c3f/files/73ab0df9a29c0224ace9b945c498ce906e61d6c886a594895fe51744e60e0cc0 [none]
[debug] [2026-03-02T09:31:22.905Z] >>> [apiv2][body] POST https://upload-firebasehosting.googleapis.com/upload/sites/gestor-afiliados-2026/versions/478b4f51f0074c3f/files/73ab0df9a29c0224ace9b945c498ce906e61d6c886a594895fe51744e60e0cc0 [stream]
[debug] [2026-03-02T09:31:22.906Z] [hosting][populate queue][FINAL] {"max":625,"min":625,"avg":625,"active":0,"complete":1,"success":1,"errored":0,"retried":0,"total":1,"elapsed":627}
[debug] [2026-03-02T09:31:22.906Z] [hosting] uploads queued: 2
[debug] [2026-03-02T09:31:23.971Z] <<< [apiv2][status] POST https://upload-firebasehosting.googleapis.com/upload/sites/gestor-afiliados-2026/versions/478b4f51f0074c3f/files/52b841ea9a6bba573955edb7418f73a5effb599a584ba4dde3ec494da3c7a0d1 200
[debug] [2026-03-02T09:31:23.971Z] <<< [apiv2][body] POST https://upload-firebasehosting.googleapis.com/upload/sites/gestor-afiliados-2026/versions/478b4f51f0074c3f/files/52b841ea9a6bba573955edb7418f73a5effb599a584ba4dde3ec494da3c7a0d1 [stream]
[debug] [2026-03-02T09:31:24.346Z] <<< [apiv2][status] POST https://upload-firebasehosting.googleapis.com/upload/sites/gestor-afiliados-2026/versions/478b4f51f0074c3f/files/73ab0df9a29c0224ace9b945c498ce906e61d6c886a594895fe51744e60e0cc0 200
[debug] [2026-03-02T09:31:24.346Z] <<< [apiv2][body] POST https://upload-firebasehosting.googleapis.com/upload/sites/gestor-afiliados-2026/versions/478b4f51f0074c3f/files/73ab0df9a29c0224ace9b945c498ce906e61d6c886a594895fe51744e60e0cc0 [stream]
[debug] [2026-03-02T09:31:24.347Z] [hosting][upload queue][FINAL] {"max":1443,"min":1068,"avg":1255.5,"active":0,"complete":2,"success":2,"errored":0,"retried":0,"total":2,"elapsed":1444}
[info] ✔  hosting[gestor-afiliados-2026]: file upload complete 
[debug] [2026-03-02T09:31:24.347Z] [hosting] deploy completed after 2110ms
[info] i  functions: updating Node.js 24 (2nd Gen) function firebase-frameworks-gestor-afiliados-2026:ssrgestorafiliados2026(us-central1)... 
[debug] [2026-03-02T09:31:24.352Z] Checked if tokens are valid: true, expires at: 1772447141508
[debug] [2026-03-02T09:31:24.352Z] Checked if tokens are valid: true, expires at: 1772447141508
[debug] [2026-03-02T09:31:24.352Z] >>> [apiv2][query] PATCH https://cloudfunctions.googleapis.com/v2/projects/gestor-afiliados-2026/locations/us-central1/functions/ssrgestorafiliados2026 updateMask=name%2CbuildConfig.runtime%2CbuildConfig.entryPoint%2CbuildConfig.source.storageSource.bucket%2CbuildConfig.source.storageSource.object%2CbuildConfig.environmentVariables%2CbuildConfig.sourceToken%2CserviceConfig.environmentVariables%2CserviceConfig.ingressSettings%2CserviceConfig.timeoutSeconds%2CserviceConfig.serviceAccountEmail%2CserviceConfig.availableMemory%2CserviceConfig.minInstanceCount%2CserviceConfig.maxInstanceCount%2CserviceConfig.maxInstanceRequestConcurrency%2CserviceConfig.availableCpu%2CserviceConfig.vpcConnector%2CserviceConfig.vpcConnectorEgressSettings%2Clabels
[debug] [2026-03-02T09:31:24.352Z] >>> [apiv2][body] PATCH https://cloudfunctions.googleapis.com/v2/projects/gestor-afiliados-2026/locations/us-central1/functions/ssrgestorafiliados2026 {"name":"projects/gestor-afiliados-2026/locations/us-central1/functions/ssrgestorafiliados2026","buildConfig":{"runtime":"nodejs24","entryPoint":"ssrgestorafiliados2026","source":{"storageSource":{"bucket":"gcf-v2-uploads-704612357204.us-central1.cloudfunctions.appspot.com","object":"48d734cf-fc60-4479-b449-ccd8f389a76a.zip"}},"environmentVariables":{"GOOGLE_NODE_RUN_SCRIPTS":""}},"serviceConfig":{"environmentVariables":{"DATABASE_URL":"postgresql://postgres.nlxnxvrkyxdflxdfizag:Proyecto.2025%24%24@aws-0-us-west-2.pooler.supabase.com:6543/postgres?pgbouncer=true&connection_limit=1","NEXT_PUBLIC_SUPABASE_URL":"https://nlxnxvrkyxdflxdfizag.supabase.co","NEXT_PUBLIC_SUPABASE_ANON_KEY":"eyJhbGciOiJIUzI1NiIsInR5cCI6IkpXVCJ9.eyJpc3MiOiJzdXBhYmFzZSIsInJlZiI6Im5seG54dnJreXhkZmx4ZGZpemFnIiwicm9sZSI6ImFub24iLCJpYXQiOjE3NjU0NDk2OTQsImV4cCI6MjA4MTAyNTY5NH0.xTgowE7F-5iyejR6pTdOvjGAEi1-5Je-MM4gRX9cDRE","VERCEL_URL":"gestor-afiliados-2026.web.app","__FIREBASE_FRAMEWORKS_ENTRY__":"next.js","__FIREBASE_DEFAULTS__":"{\"config\":{\"projectId\":\"gestor-afiliados-2026\",\"appId\":\"1:704612357204:web:ddc26f59af9b0d6f6809c1\",\"storageBucket\":\"gestor-afiliados-2026.firebasestorage.app\",\"apiKey\":\"AIzaSyCotWVp--zpcsRMQ5_T9azq0fHzYbr69Fo\",\"authDomain\":\"gestor-afiliados-2026.firebaseapp.com\",\"messagingSenderId\":\"704612357204\",\"projectNumber\":\"704612357204\",\"version\":\"2\"},\"_authTokenSyncURL\":\"/__session\"}","FIREBASE_CONFIG":"{\"projectId\":\"gestor-afiliados-2026\",\"storageBucket\":\"gestor-afiliados-2026.firebasestorage.app\"}","GCLOUD_PROJECT":"gestor-afiliados-2026","EVENTARC_CLOUD_EVENT_SOURCE":"projects/gestor-afiliados-2026/locations/us-central1/services/ssrgestorafiliados2026","FUNCTION_TARGET":"ssrgestorafiliados2026","LOG_EXECUTION_ID":"true"},"ingressSettings":null,"timeoutSeconds":null,"serviceAccountEmail":null,"availableMemory":"256Mi","minInstanceCount":null,"maxInstanceCount":null,"maxInstanceRequestConcurrency":80,"availableCpu":"1","vpcConnector":null,"vpcConnectorEgressSettings":null},"labels":{"deployment-tool":"cli-firebase","firebase-functions-codebase":"firebase-frameworks-gestor-afiliados-2026","firebase-functions-hash":"a906149c8ee3a08521ccf92cdbcfb8a4646cc8db"}}
[debug] [2026-03-02T09:31:25.502Z] <<< [apiv2][status] PATCH https://cloudfunctions.googleapis.com/v2/projects/gestor-afiliados-2026/locations/us-central1/functions/ssrgestorafiliados2026 200
[debug] [2026-03-02T09:31:25.502Z] <<< [apiv2][body] PATCH https://cloudfunctions.googleapis.com/v2/projects/gestor-afiliados-2026/locations/us-central1/functions/ssrgestorafiliados2026 {"name":"projects/gestor-afiliados-2026/locations/us-central1/operations/operation-1772443884671-64c0740215246-3a8365cb-ac9cad18","metadata":{"@type":"type.googleapis.com/google.cloud.functions.v2.OperationMetadata","createTime":"2026-03-02T09:31:25.467588021Z","target":"projects/gestor-afiliados-2026/locations/us-central1/functions/ssrgestorafiliados2026","verb":"update","cancelRequested":false,"apiVersion":"v2"},"done":false}
[debug] [2026-03-02T09:31:25.503Z] Checked if tokens are valid: true, expires at: 1772447141508
[debug] [2026-03-02T09:31:25.503Z] Checked if tokens are valid: true, expires at: 1772447141508
[debug] [2026-03-02T09:31:25.503Z] >>> [apiv2][query] GET https://cloudfunctions.googleapis.com/v2/projects/gestor-afiliados-2026/locations/us-central1/operations/operation-1772443884671-64c0740215246-3a8365cb-ac9cad18 [none]
[debug] [2026-03-02T09:31:25.816Z] <<< [apiv2][status] GET https://cloudfunctions.googleapis.com/v2/projects/gestor-afiliados-2026/locations/us-central1/operations/operation-1772443884671-64c0740215246-3a8365cb-ac9cad18 200
[debug] [2026-03-02T09:31:25.817Z] <<< [apiv2][body] GET https://cloudfunctions.googleapis.com/v2/projects/gestor-afiliados-2026/locations/us-central1/operations/operation-1772443884671-64c0740215246-3a8365cb-ac9cad18 {"name":"projects/gestor-afiliados-2026/locations/us-central1/operations/operation-1772443884671-64c0740215246-3a8365cb-ac9cad18","metadata":{"@type":"type.googleapis.com/google.cloud.functions.v2.OperationMetadata","createTime":"2026-03-02T09:31:25.467588021Z","target":"projects/gestor-afiliados-2026/locations/us-central1/functions/ssrgestorafiliados2026","verb":"update","cancelRequested":false,"apiVersion":"v2","requestResource":{"@type":"type.googleapis.com/google.cloud.functions.v2.Function","name":"projects/gestor-afiliados-2026/locations/us-central1/functions/ssrgestorafiliados2026","buildConfig":{"runtime":"nodejs24","entryPoint":"ssrgestorafiliados2026","source":{"storageSource":{"bucket":"gcf-v2-sources-704612357204-us-central1","object":"ssrgestorafiliados2026/function-source.zip","generation":"1772443885402300"}},"environmentVariables":{"GOOGLE_NODE_RUN_SCRIPTS":""},"dockerRepository":"projects/gestor-afiliados-2026/locations/us-central1/repositories/gcf-artifacts","sourceProvenance":{"resolvedStorageSource":{"bucket":"gcf-v2-sources-704612357204-us-central1","object":"ssrgestorafiliados2026/function-source.zip","generation":"1772419441546881"}},"dockerRegistry":"ARTIFACT_REGISTRY","serviceAccount":"projects/gestor-afiliados-2026/serviceAccounts/704612357204-compute@developer.gserviceaccount.com","automaticUpdatePolicy":{}},"serviceConfig":{"service":"projects/gestor-afiliados-2026/locations/us-central1/services/ssrgestorafiliados2026","timeoutSeconds":60,"environmentVariables":{"DATABASE_URL":"postgresql://postgres.nlxnxvrkyxdflxdfizag:Proyecto.2025%24%24@aws-0-us-west-2.pooler.supabase.com:6543/postgres?pgbouncer=true&connection_limit=1","NEXT_PUBLIC_SUPABASE_URL":"https://nlxnxvrkyxdflxdfizag.supabase.co","NEXT_PUBLIC_SUPABASE_ANON_KEY":"eyJhbGciOiJIUzI1NiIsInR5cCI6IkpXVCJ9.eyJpc3MiOiJzdXBhYmFzZSIsInJlZiI6Im5seG54dnJreXhkZmx4ZGZpemFnIiwicm9sZSI6ImFub24iLCJpYXQiOjE3NjU0NDk2OTQsImV4cCI6MjA4MTAyNTY5NH0.xTgowE7F-5iyejR6pTdOvjGAEi1-5Je-MM4gRX9cDRE","VERCEL_URL":"gestor-afiliados-2026.web.app","__FIREBASE_FRAMEWORKS_ENTRY__":"next.js","__FIREBASE_DEFAULTS__":"{\"config\":{\"projectId\":\"gestor-afiliados-2026\",\"appId\":\"1:704612357204:web:ddc26f59af9b0d6f6809c1\",\"storageBucket\":\"gestor-afiliados-2026.firebasestorage.app\",\"apiKey\":\"AIzaSyCotWVp--zpcsRMQ5_T9azq0fHzYbr69Fo\",\"authDomain\":\"gestor-afiliados-2026.firebaseapp.com\",\"messagingSenderId\":\"704612357204\",\"projectNumber\":\"704612357204\",\"version\":\"2\"},\"_authTokenSyncURL\":\"/__session\"}","FIREBASE_CONFIG":"{\"projectId\":\"gestor-afiliados-2026\",\"storageBucket\":\"gestor-afiliados-2026.firebasestorage.app\"}","GCLOUD_PROJECT":"gestor-afiliados-2026","EVENTARC_CLOUD_EVENT_SOURCE":"projects/gestor-afiliados-2026/locations/us-central1/services/ssrgestorafiliados2026","FUNCTION_TARGET":"ssrgestorafiliados2026","LOG_EXECUTION_ID":"true"},"ingressSettings":"ALLOW_ALL","uri":"https://ssrgestorafiliados2026-fx666fkdda-uc.a.run.app","serviceAccountEmail":"704612357204-compute@developer.gserviceaccount.com","availableMemory":"256Mi","allTrafficOnLatestRevision":true,"revision":"ssrgestorafiliados2026-00001-kob","maxInstanceRequestConcurrency":80,"availableCpu":"1"},"state":"ACTIVE","labels":{"deployment-tool":"cli-firebase","firebase-functions-codebase":"firebase-frameworks-gestor-afiliados-2026","firebase-functions-hash":"a906149c8ee3a08521ccf92cdbcfb8a4646cc8db"},"environment":"GEN_2","url":"https://us-central1-gestor-afiliados-2026.cloudfunctions.net/ssrgestorafiliados2026","satisfiesPzi":true},"stages":[{"name":"BUILD","state":"NOT_STARTED"},{"name":"SERVICE","state":"NOT_STARTED"}],"operationType":"UPDATE_FUNCTION"},"done":false}
[debug] [2026-03-02T09:31:26.318Z] [update-firebase-frameworks-gestor-afiliados-2026-us-central1-ssrgestorafiliados2026] Retrying task index 0
[debug] [2026-03-02T09:31:26.319Z] Checked if tokens are valid: true, expires at: 1772447141508
[debug] [2026-03-02T09:31:26.319Z] Checked if tokens are valid: true, expires at: 1772447141508
[debug] [2026-03-02T09:31:26.319Z] >>> [apiv2][query] GET https://cloudfunctions.googleapis.com/v2/projects/gestor-afiliados-2026/locations/us-central1/operations/operation-1772443884671-64c0740215246-3a8365cb-ac9cad18 [none]
[debug] [2026-03-02T09:31:26.641Z] <<< [apiv2][status] GET https://cloudfunctions.googleapis.com/v2/projects/gestor-afiliados-2026/locations/us-central1/operations/operation-1772443884671-64c0740215246-3a8365cb-ac9cad18 200
[debug] [2026-03-02T09:31:26.641Z] <<< [apiv2][body] GET https://cloudfunctions.googleapis.com/v2/projects/gestor-afiliados-2026/locations/us-central1/operations/operation-1772443884671-64c0740215246-3a8365cb-ac9cad18 {"name":"projects/gestor-afiliados-2026/locations/us-central1/operations/operation-1772443884671-64c0740215246-3a8365cb-ac9cad18","metadata":{"@type":"type.googleapis.com/google.cloud.functions.v2.OperationMetadata","createTime":"2026-03-02T09:31:25.467588021Z","target":"projects/gestor-afiliados-2026/locations/us-central1/functions/ssrgestorafiliados2026","verb":"update","cancelRequested":false,"apiVersion":"v2","requestResource":{"@type":"type.googleapis.com/google.cloud.functions.v2.Function","name":"projects/gestor-afiliados-2026/locations/us-central1/functions/ssrgestorafiliados2026","buildConfig":{"runtime":"nodejs24","entryPoint":"ssrgestorafiliados2026","source":{"storageSource":{"bucket":"gcf-v2-sources-704612357204-us-central1","object":"ssrgestorafiliados2026/function-source.zip","generation":"1772443885402300"}},"environmentVariables":{"GOOGLE_NODE_RUN_SCRIPTS":""},"dockerRepository":"projects/gestor-afiliados-2026/locations/us-central1/repositories/gcf-artifacts","sourceProvenance":{"resolvedStorageSource":{"bucket":"gcf-v2-sources-704612357204-us-central1","object":"ssrgestorafiliados2026/function-source.zip","generation":"1772419441546881"}},"dockerRegistry":"ARTIFACT_REGISTRY","serviceAccount":"projects/gestor-afiliados-2026/serviceAccounts/704612357204-compute@developer.gserviceaccount.com","automaticUpdatePolicy":{}},"serviceConfig":{"service":"projects/gestor-afiliados-2026/locations/us-central1/services/ssrgestorafiliados2026","timeoutSeconds":60,"environmentVariables":{"DATABASE_URL":"postgresql://postgres.nlxnxvrkyxdflxdfizag:Proyecto.2025%24%24@aws-0-us-west-2.pooler.supabase.com:6543/postgres?pgbouncer=true&connection_limit=1","NEXT_PUBLIC_SUPABASE_URL":"https://nlxnxvrkyxdflxdfizag.supabase.co","NEXT_PUBLIC_SUPABASE_ANON_KEY":"eyJhbGciOiJIUzI1NiIsInR5cCI6IkpXVCJ9.eyJpc3MiOiJzdXBhYmFzZSIsInJlZiI6Im5seG54dnJreXhkZmx4ZGZpemFnIiwicm9sZSI6ImFub24iLCJpYXQiOjE3NjU0NDk2OTQsImV4cCI6MjA4MTAyNTY5NH0.xTgowE7F-5iyejR6pTdOvjGAEi1-5Je-MM4gRX9cDRE","VERCEL_URL":"gestor-afiliados-2026.web.app","__FIREBASE_FRAMEWORKS_ENTRY__":"next.js","__FIREBASE_DEFAULTS__":"{\"config\":{\"projectId\":\"gestor-afiliados-2026\",\"appId\":\"1:704612357204:web:ddc26f59af9b0d6f6809c1\",\"storageBucket\":\"gestor-afiliados-2026.firebasestorage.app\",\"apiKey\":\"AIzaSyCotWVp--zpcsRMQ5_T9azq0fHzYbr69Fo\",\"authDomain\":\"gestor-afiliados-2026.firebaseapp.com\",\"messagingSenderId\":\"704612357204\",\"projectNumber\":\"704612357204\",\"version\":\"2\"},\"_authTokenSyncURL\":\"/__session\"}","FIREBASE_CONFIG":"{\"projectId\":\"gestor-afiliados-2026\",\"storageBucket\":\"gestor-afiliados-2026.firebasestorage.app\"}","GCLOUD_PROJECT":"gestor-afiliados-2026","EVENTARC_CLOUD_EVENT_SOURCE":"projects/gestor-afiliados-2026/locations/us-central1/services/ssrgestorafiliados2026","FUNCTION_TARGET":"ssrgestorafiliados2026","LOG_EXECUTION_ID":"true"},"ingressSettings":"ALLOW_ALL","uri":"https://ssrgestorafiliados2026-fx666fkdda-uc.a.run.app","serviceAccountEmail":"704612357204-compute@developer.gserviceaccount.com","availableMemory":"256Mi","allTrafficOnLatestRevision":true,"revision":"ssrgestorafiliados2026-00001-kob","maxInstanceRequestConcurrency":80,"availableCpu":"1"},"state":"ACTIVE","labels":{"deployment-tool":"cli-firebase","firebase-functions-codebase":"firebase-frameworks-gestor-afiliados-2026","firebase-functions-hash":"a906149c8ee3a08521ccf92cdbcfb8a4646cc8db"},"environment":"GEN_2","url":"https://us-central1-gestor-afiliados-2026.cloudfunctions.net/ssrgestorafiliados2026","satisfiesPzi":true},"stages":[{"name":"BUILD","message":"Build in progress","state":"IN_PROGRESS","resource":"projects/704612357204/locations/us-central1/builds/3e839f32-b02c-41d9-86d4-13039be1b67a","resourceUri":"https://console.cloud.google.com/cloud-build/builds;region=us-central1/3e839f32-b02c-41d9-86d4-13039be1b67a?project=704612357204"},{"name":"SERVICE","state":"NOT_STARTED"}],"operationType":"UPDATE_FUNCTION","buildName":"projects/704612357204/locations/us-central1/builds/3e839f32-b02c-41d9-86d4-13039be1b67a"},"done":false}
[debug] [2026-03-02T09:31:27.642Z] [update-firebase-frameworks-gestor-afiliados-2026-us-central1-ssrgestorafiliados2026] Retrying task index 0
[debug] [2026-03-02T09:31:27.643Z] Checked if tokens are valid: true, expires at: 1772447141508
[debug] [2026-03-02T09:31:27.643Z] Checked if tokens are valid: true, expires at: 1772447141508
[debug] [2026-03-02T09:31:27.643Z] >>> [apiv2][query] GET https://cloudfunctions.googleapis.com/v2/projects/gestor-afiliados-2026/locations/us-central1/operations/operation-1772443884671-64c0740215246-3a8365cb-ac9cad18 [none]
[debug] [2026-03-02T09:31:27.917Z] <<< [apiv2][status] GET https://cloudfunctions.googleapis.com/v2/projects/gestor-afiliados-2026/locations/us-central1/operations/operation-1772443884671-64c0740215246-3a8365cb-ac9cad18 200
[debug] [2026-03-02T09:31:27.917Z] <<< [apiv2][body] GET https://cloudfunctions.googleapis.com/v2/projects/gestor-afiliados-2026/locations/us-central1/operations/operation-1772443884671-64c0740215246-3a8365cb-ac9cad18 {"name":"projects/gestor-afiliados-2026/locations/us-central1/operations/operation-1772443884671-64c0740215246-3a8365cb-ac9cad18","metadata":{"@type":"type.googleapis.com/google.cloud.functions.v2.OperationMetadata","createTime":"2026-03-02T09:31:25.467588021Z","target":"projects/gestor-afiliados-2026/locations/us-central1/functions/ssrgestorafiliados2026","verb":"update","cancelRequested":false,"apiVersion":"v2","requestResource":{"@type":"type.googleapis.com/google.cloud.functions.v2.Function","name":"projects/gestor-afiliados-2026/locations/us-central1/functions/ssrgestorafiliados2026","buildConfig":{"runtime":"nodejs24","entryPoint":"ssrgestorafiliados2026","source":{"storageSource":{"bucket":"gcf-v2-sources-704612357204-us-central1","object":"ssrgestorafiliados2026/function-source.zip","generation":"1772443885402300"}},"environmentVariables":{"GOOGLE_NODE_RUN_SCRIPTS":""},"dockerRepository":"projects/gestor-afiliados-2026/locations/us-central1/repositories/gcf-artifacts","sourceProvenance":{"resolvedStorageSource":{"bucket":"gcf-v2-sources-704612357204-us-central1","object":"ssrgestorafiliados2026/function-source.zip","generation":"1772419441546881"}},"dockerRegistry":"ARTIFACT_REGISTRY","serviceAccount":"projects/gestor-afiliados-2026/serviceAccounts/704612357204-compute@developer.gserviceaccount.com","automaticUpdatePolicy":{}},"serviceConfig":{"service":"projects/gestor-afiliados-2026/locations/us-central1/services/ssrgestorafiliados2026","timeoutSeconds":60,"environmentVariables":{"DATABASE_URL":"postgresql://postgres.nlxnxvrkyxdflxdfizag:Proyecto.2025%24%24@aws-0-us-west-2.pooler.supabase.com:6543/postgres?pgbouncer=true&connection_limit=1","NEXT_PUBLIC_SUPABASE_URL":"https://nlxnxvrkyxdflxdfizag.supabase.co","NEXT_PUBLIC_SUPABASE_ANON_KEY":"eyJhbGciOiJIUzI1NiIsInR5cCI6IkpXVCJ9.eyJpc3MiOiJzdXBhYmFzZSIsInJlZiI6Im5seG54dnJreXhkZmx4ZGZpemFnIiwicm9sZSI6ImFub24iLCJpYXQiOjE3NjU0NDk2OTQsImV4cCI6MjA4MTAyNTY5NH0.xTgowE7F-5iyejR6pTdOvjGAEi1-5Je-MM4gRX9cDRE","VERCEL_URL":"gestor-afiliados-2026.web.app","__FIREBASE_FRAMEWORKS_ENTRY__":"next.js","__FIREBASE_DEFAULTS__":"{\"config\":{\"projectId\":\"gestor-afiliados-2026\",\"appId\":\"1:704612357204:web:ddc26f59af9b0d6f6809c1\",\"storageBucket\":\"gestor-afiliados-2026.firebasestorage.app\",\"apiKey\":\"AIzaSyCotWVp--zpcsRMQ5_T9azq0fHzYbr69Fo\",\"authDomain\":\"gestor-afiliados-2026.firebaseapp.com\",\"messagingSenderId\":\"704612357204\",\"projectNumber\":\"704612357204\",\"version\":\"2\"},\"_authTokenSyncURL\":\"/__session\"}","FIREBASE_CONFIG":"{\"projectId\":\"gestor-afiliados-2026\",\"storageBucket\":\"gestor-afiliados-2026.firebasestorage.app\"}","GCLOUD_PROJECT":"gestor-afiliados-2026","EVENTARC_CLOUD_EVENT_SOURCE":"projects/gestor-afiliados-2026/locations/us-central1/services/ssrgestorafiliados2026","FUNCTION_TARGET":"ssrgestorafiliados2026","LOG_EXECUTION_ID":"true"},"ingressSettings":"ALLOW_ALL","uri":"https://ssrgestorafiliados2026-fx666fkdda-uc.a.run.app","serviceAccountEmail":"704612357204-compute@developer.gserviceaccount.com","availableMemory":"256Mi","allTrafficOnLatestRevision":true,"revision":"ssrgestorafiliados2026-00001-kob","maxInstanceRequestConcurrency":80,"availableCpu":"1"},"state":"ACTIVE","labels":{"deployment-tool":"cli-firebase","firebase-functions-codebase":"firebase-frameworks-gestor-afiliados-2026","firebase-functions-hash":"a906149c8ee3a08521ccf92cdbcfb8a4646cc8db"},"environment":"GEN_2","url":"https://us-central1-gestor-afiliados-2026.cloudfunctions.net/ssrgestorafiliados2026","satisfiesPzi":true},"stages":[{"name":"BUILD","message":"Build in progress","state":"IN_PROGRESS","resource":"projects/704612357204/locations/us-central1/builds/3e839f32-b02c-41d9-86d4-13039be1b67a","resourceUri":"https://console.cloud.google.com/cloud-build/builds;region=us-central1/3e839f32-b02c-41d9-86d4-13039be1b67a?project=704612357204"},{"name":"SERVICE","state":"NOT_STARTED"}],"operationType":"UPDATE_FUNCTION","buildName":"projects/704612357204/locations/us-central1/builds/3e839f32-b02c-41d9-86d4-13039be1b67a"},"done":false}
[debug] [2026-03-02T09:31:29.919Z] [update-firebase-frameworks-gestor-afiliados-2026-us-central1-ssrgestorafiliados2026] Retrying task index 0
[debug] [2026-03-02T09:31:29.920Z] Checked if tokens are valid: true, expires at: 1772447141508
[debug] [2026-03-02T09:31:29.920Z] Checked if tokens are valid: true, expires at: 1772447141508
[debug] [2026-03-02T09:31:29.920Z] >>> [apiv2][query] GET https://cloudfunctions.googleapis.com/v2/projects/gestor-afiliados-2026/locations/us-central1/operations/operation-1772443884671-64c0740215246-3a8365cb-ac9cad18 [none]
[debug] [2026-03-02T09:31:30.404Z] <<< [apiv2][status] GET https://cloudfunctions.googleapis.com/v2/projects/gestor-afiliados-2026/locations/us-central1/operations/operation-1772443884671-64c0740215246-3a8365cb-ac9cad18 200
[debug] [2026-03-02T09:31:30.404Z] <<< [apiv2][body] GET https://cloudfunctions.googleapis.com/v2/projects/gestor-afiliados-2026/locations/us-central1/operations/operation-1772443884671-64c0740215246-3a8365cb-ac9cad18 {"name":"projects/gestor-afiliados-2026/locations/us-central1/operations/operation-1772443884671-64c0740215246-3a8365cb-ac9cad18","metadata":{"@type":"type.googleapis.com/google.cloud.functions.v2.OperationMetadata","createTime":"2026-03-02T09:31:25.467588021Z","target":"projects/gestor-afiliados-2026/locations/us-central1/functions/ssrgestorafiliados2026","verb":"update","cancelRequested":false,"apiVersion":"v2","requestResource":{"@type":"type.googleapis.com/google.cloud.functions.v2.Function","name":"projects/gestor-afiliados-2026/locations/us-central1/functions/ssrgestorafiliados2026","buildConfig":{"runtime":"nodejs24","entryPoint":"ssrgestorafiliados2026","source":{"storageSource":{"bucket":"gcf-v2-sources-704612357204-us-central1","object":"ssrgestorafiliados2026/function-source.zip","generation":"1772443885402300"}},"environmentVariables":{"GOOGLE_NODE_RUN_SCRIPTS":""},"dockerRepository":"projects/gestor-afiliados-2026/locations/us-central1/repositories/gcf-artifacts","sourceProvenance":{"resolvedStorageSource":{"bucket":"gcf-v2-sources-704612357204-us-central1","object":"ssrgestorafiliados2026/function-source.zip","generation":"1772419441546881"}},"dockerRegistry":"ARTIFACT_REGISTRY","serviceAccount":"projects/gestor-afiliados-2026/serviceAccounts/704612357204-compute@developer.gserviceaccount.com","automaticUpdatePolicy":{}},"serviceConfig":{"service":"projects/gestor-afiliados-2026/locations/us-central1/services/ssrgestorafiliados2026","timeoutSeconds":60,"environmentVariables":{"DATABASE_URL":"postgresql://postgres.nlxnxvrkyxdflxdfizag:Proyecto.2025%24%24@aws-0-us-west-2.pooler.supabase.com:6543/postgres?pgbouncer=true&connection_limit=1","NEXT_PUBLIC_SUPABASE_URL":"https://nlxnxvrkyxdflxdfizag.supabase.co","NEXT_PUBLIC_SUPABASE_ANON_KEY":"eyJhbGciOiJIUzI1NiIsInR5cCI6IkpXVCJ9.eyJpc3MiOiJzdXBhYmFzZSIsInJlZiI6Im5seG54dnJreXhkZmx4ZGZpemFnIiwicm9sZSI6ImFub24iLCJpYXQiOjE3NjU0NDk2OTQsImV4cCI6MjA4MTAyNTY5NH0.xTgowE7F-5iyejR6pTdOvjGAEi1-5Je-MM4gRX9cDRE","VERCEL_URL":"gestor-afiliados-2026.web.app","__FIREBASE_FRAMEWORKS_ENTRY__":"next.js","__FIREBASE_DEFAULTS__":"{\"config\":{\"projectId\":\"gestor-afiliados-2026\",\"appId\":\"1:704612357204:web:ddc26f59af9b0d6f6809c1\",\"storageBucket\":\"gestor-afiliados-2026.firebasestorage.app\",\"apiKey\":\"AIzaSyCotWVp--zpcsRMQ5_T9azq0fHzYbr69Fo\",\"authDomain\":\"gestor-afiliados-2026.firebaseapp.com\",\"messagingSenderId\":\"704612357204\",\"projectNumber\":\"704612357204\",\"version\":\"2\"},\"_authTokenSyncURL\":\"/__session\"}","FIREBASE_CONFIG":"{\"projectId\":\"gestor-afiliados-2026\",\"storageBucket\":\"gestor-afiliados-2026.firebasestorage.app\"}","GCLOUD_PROJECT":"gestor-afiliados-2026","EVENTARC_CLOUD_EVENT_SOURCE":"projects/gestor-afiliados-2026/locations/us-central1/services/ssrgestorafiliados2026","FUNCTION_TARGET":"ssrgestorafiliados2026","LOG_EXECUTION_ID":"true"},"ingressSettings":"ALLOW_ALL","uri":"https://ssrgestorafiliados2026-fx666fkdda-uc.a.run.app","serviceAccountEmail":"704612357204-compute@developer.gserviceaccount.com","availableMemory":"256Mi","allTrafficOnLatestRevision":true,"revision":"ssrgestorafiliados2026-00001-kob","maxInstanceRequestConcurrency":80,"availableCpu":"1"},"state":"ACTIVE","labels":{"deployment-tool":"cli-firebase","firebase-functions-codebase":"firebase-frameworks-gestor-afiliados-2026","firebase-functions-hash":"a906149c8ee3a08521ccf92cdbcfb8a4646cc8db"},"environment":"GEN_2","url":"https://us-central1-gestor-afiliados-2026.cloudfunctions.net/ssrgestorafiliados2026","satisfiesPzi":true},"stages":[{"name":"BUILD","message":"Build in progress","state":"IN_PROGRESS","resource":"projects/704612357204/locations/us-central1/builds/3e839f32-b02c-41d9-86d4-13039be1b67a","resourceUri":"https://console.cloud.google.com/cloud-build/builds;region=us-central1/3e839f32-b02c-41d9-86d4-13039be1b67a?project=704612357204"},{"name":"SERVICE","state":"NOT_STARTED"}],"operationType":"UPDATE_FUNCTION","buildName":"projects/704612357204/locations/us-central1/builds/3e839f32-b02c-41d9-86d4-13039be1b67a"},"done":false}
[debug] [2026-03-02T09:31:34.404Z] [update-firebase-frameworks-gestor-afiliados-2026-us-central1-ssrgestorafiliados2026] Retrying task index 0
[debug] [2026-03-02T09:31:34.405Z] Checked if tokens are valid: true, expires at: 1772447141508
[debug] [2026-03-02T09:31:34.405Z] Checked if tokens are valid: true, expires at: 1772447141508
[debug] [2026-03-02T09:31:34.405Z] >>> [apiv2][query] GET https://cloudfunctions.googleapis.com/v2/projects/gestor-afiliados-2026/locations/us-central1/operations/operation-1772443884671-64c0740215246-3a8365cb-ac9cad18 [none]
[debug] [2026-03-02T09:31:34.700Z] <<< [apiv2][status] GET https://cloudfunctions.googleapis.com/v2/projects/gestor-afiliados-2026/locations/us-central1/operations/operation-1772443884671-64c0740215246-3a8365cb-ac9cad18 200
[debug] [2026-03-02T09:31:34.701Z] <<< [apiv2][body] GET https://cloudfunctions.googleapis.com/v2/projects/gestor-afiliados-2026/locations/us-central1/operations/operation-1772443884671-64c0740215246-3a8365cb-ac9cad18 {"name":"projects/gestor-afiliados-2026/locations/us-central1/operations/operation-1772443884671-64c0740215246-3a8365cb-ac9cad18","metadata":{"@type":"type.googleapis.com/google.cloud.functions.v2.OperationMetadata","createTime":"2026-03-02T09:31:25.467588021Z","target":"projects/gestor-afiliados-2026/locations/us-central1/functions/ssrgestorafiliados2026","verb":"update","cancelRequested":false,"apiVersion":"v2","requestResource":{"@type":"type.googleapis.com/google.cloud.functions.v2.Function","name":"projects/gestor-afiliados-2026/locations/us-central1/functions/ssrgestorafiliados2026","buildConfig":{"runtime":"nodejs24","entryPoint":"ssrgestorafiliados2026","source":{"storageSource":{"bucket":"gcf-v2-sources-704612357204-us-central1","object":"ssrgestorafiliados2026/function-source.zip","generation":"1772443885402300"}},"environmentVariables":{"GOOGLE_NODE_RUN_SCRIPTS":""},"dockerRepository":"projects/gestor-afiliados-2026/locations/us-central1/repositories/gcf-artifacts","sourceProvenance":{"resolvedStorageSource":{"bucket":"gcf-v2-sources-704612357204-us-central1","object":"ssrgestorafiliados2026/function-source.zip","generation":"1772419441546881"}},"dockerRegistry":"ARTIFACT_REGISTRY","serviceAccount":"projects/gestor-afiliados-2026/serviceAccounts/704612357204-compute@developer.gserviceaccount.com","automaticUpdatePolicy":{}},"serviceConfig":{"service":"projects/gestor-afiliados-2026/locations/us-central1/services/ssrgestorafiliados2026","timeoutSeconds":60,"environmentVariables":{"DATABASE_URL":"postgresql://postgres.nlxnxvrkyxdflxdfizag:Proyecto.2025%24%24@aws-0-us-west-2.pooler.supabase.com:6543/postgres?pgbouncer=true&connection_limit=1","NEXT_PUBLIC_SUPABASE_URL":"https://nlxnxvrkyxdflxdfizag.supabase.co","NEXT_PUBLIC_SUPABASE_ANON_KEY":"eyJhbGciOiJIUzI1NiIsInR5cCI6IkpXVCJ9.eyJpc3MiOiJzdXBhYmFzZSIsInJlZiI6Im5seG54dnJreXhkZmx4ZGZpemFnIiwicm9sZSI6ImFub24iLCJpYXQiOjE3NjU0NDk2OTQsImV4cCI6MjA4MTAyNTY5NH0.xTgowE7F-5iyejR6pTdOvjGAEi1-5Je-MM4gRX9cDRE","VERCEL_URL":"gestor-afiliados-2026.web.app","__FIREBASE_FRAMEWORKS_ENTRY__":"next.js","__FIREBASE_DEFAULTS__":"{\"config\":{\"projectId\":\"gestor-afiliados-2026\",\"appId\":\"1:704612357204:web:ddc26f59af9b0d6f6809c1\",\"storageBucket\":\"gestor-afiliados-2026.firebasestorage.app\",\"apiKey\":\"AIzaSyCotWVp--zpcsRMQ5_T9azq0fHzYbr69Fo\",\"authDomain\":\"gestor-afiliados-2026.firebaseapp.com\",\"messagingSenderId\":\"704612357204\",\"projectNumber\":\"704612357204\",\"version\":\"2\"},\"_authTokenSyncURL\":\"/__session\"}","FIREBASE_CONFIG":"{\"projectId\":\"gestor-afiliados-2026\",\"storageBucket\":\"gestor-afiliados-2026.firebasestorage.app\"}","GCLOUD_PROJECT":"gestor-afiliados-2026","EVENTARC_CLOUD_EVENT_SOURCE":"projects/gestor-afiliados-2026/locations/us-central1/services/ssrgestorafiliados2026","FUNCTION_TARGET":"ssrgestorafiliados2026","LOG_EXECUTION_ID":"true"},"ingressSettings":"ALLOW_ALL","uri":"https://ssrgestorafiliados2026-fx666fkdda-uc.a.run.app","serviceAccountEmail":"704612357204-compute@developer.gserviceaccount.com","availableMemory":"256Mi","allTrafficOnLatestRevision":true,"revision":"ssrgestorafiliados2026-00001-kob","maxInstanceRequestConcurrency":80,"availableCpu":"1"},"state":"ACTIVE","labels":{"deployment-tool":"cli-firebase","firebase-functions-codebase":"firebase-frameworks-gestor-afiliados-2026","firebase-functions-hash":"a906149c8ee3a08521ccf92cdbcfb8a4646cc8db"},"environment":"GEN_2","url":"https://us-central1-gestor-afiliados-2026.cloudfunctions.net/ssrgestorafiliados2026","satisfiesPzi":true},"stages":[{"name":"BUILD","message":"Build in progress","state":"IN_PROGRESS","resource":"projects/704612357204/locations/us-central1/builds/3e839f32-b02c-41d9-86d4-13039be1b67a","resourceUri":"https://console.cloud.google.com/cloud-build/builds;region=us-central1/3e839f32-b02c-41d9-86d4-13039be1b67a?project=704612357204"},{"name":"SERVICE","state":"NOT_STARTED"}],"operationType":"UPDATE_FUNCTION","buildName":"projects/704612357204/locations/us-central1/builds/3e839f32-b02c-41d9-86d4-13039be1b67a"},"done":false}
[debug] [2026-03-02T09:31:42.702Z] [update-firebase-frameworks-gestor-afiliados-2026-us-central1-ssrgestorafiliados2026] Retrying task index 0
[debug] [2026-03-02T09:31:42.703Z] Checked if tokens are valid: true, expires at: 1772447141508
[debug] [2026-03-02T09:31:42.703Z] Checked if tokens are valid: true, expires at: 1772447141508
[debug] [2026-03-02T09:31:42.703Z] >>> [apiv2][query] GET https://cloudfunctions.googleapis.com/v2/projects/gestor-afiliados-2026/locations/us-central1/operations/operation-1772443884671-64c0740215246-3a8365cb-ac9cad18 [none]
[debug] [2026-03-02T09:31:43.098Z] <<< [apiv2][status] GET https://cloudfunctions.googleapis.com/v2/projects/gestor-afiliados-2026/locations/us-central1/operations/operation-1772443884671-64c0740215246-3a8365cb-ac9cad18 200
[debug] [2026-03-02T09:31:43.098Z] <<< [apiv2][body] GET https://cloudfunctions.googleapis.com/v2/projects/gestor-afiliados-2026/locations/us-central1/operations/operation-1772443884671-64c0740215246-3a8365cb-ac9cad18 {"name":"projects/gestor-afiliados-2026/locations/us-central1/operations/operation-1772443884671-64c0740215246-3a8365cb-ac9cad18","metadata":{"@type":"type.googleapis.com/google.cloud.functions.v2.OperationMetadata","createTime":"2026-03-02T09:31:25.467588021Z","target":"projects/gestor-afiliados-2026/locations/us-central1/functions/ssrgestorafiliados2026","verb":"update","cancelRequested":false,"apiVersion":"v2","requestResource":{"@type":"type.googleapis.com/google.cloud.functions.v2.Function","name":"projects/gestor-afiliados-2026/locations/us-central1/functions/ssrgestorafiliados2026","buildConfig":{"runtime":"nodejs24","entryPoint":"ssrgestorafiliados2026","source":{"storageSource":{"bucket":"gcf-v2-sources-704612357204-us-central1","object":"ssrgestorafiliados2026/function-source.zip","generation":"1772443885402300"}},"environmentVariables":{"GOOGLE_NODE_RUN_SCRIPTS":""},"dockerRepository":"projects/gestor-afiliados-2026/locations/us-central1/repositories/gcf-artifacts","sourceProvenance":{"resolvedStorageSource":{"bucket":"gcf-v2-sources-704612357204-us-central1","object":"ssrgestorafiliados2026/function-source.zip","generation":"1772419441546881"}},"dockerRegistry":"ARTIFACT_REGISTRY","serviceAccount":"projects/gestor-afiliados-2026/serviceAccounts/704612357204-compute@developer.gserviceaccount.com","automaticUpdatePolicy":{}},"serviceConfig":{"service":"projects/gestor-afiliados-2026/locations/us-central1/services/ssrgestorafiliados2026","timeoutSeconds":60,"environmentVariables":{"DATABASE_URL":"postgresql://postgres.nlxnxvrkyxdflxdfizag:Proyecto.2025%24%24@aws-0-us-west-2.pooler.supabase.com:6543/postgres?pgbouncer=true&connection_limit=1","NEXT_PUBLIC_SUPABASE_URL":"https://nlxnxvrkyxdflxdfizag.supabase.co","NEXT_PUBLIC_SUPABASE_ANON_KEY":"eyJhbGciOiJIUzI1NiIsInR5cCI6IkpXVCJ9.eyJpc3MiOiJzdXBhYmFzZSIsInJlZiI6Im5seG54dnJreXhkZmx4ZGZpemFnIiwicm9sZSI6ImFub24iLCJpYXQiOjE3NjU0NDk2OTQsImV4cCI6MjA4MTAyNTY5NH0.xTgowE7F-5iyejR6pTdOvjGAEi1-5Je-MM4gRX9cDRE","VERCEL_URL":"gestor-afiliados-2026.web.app","__FIREBASE_FRAMEWORKS_ENTRY__":"next.js","__FIREBASE_DEFAULTS__":"{\"config\":{\"projectId\":\"gestor-afiliados-2026\",\"appId\":\"1:704612357204:web:ddc26f59af9b0d6f6809c1\",\"storageBucket\":\"gestor-afiliados-2026.firebasestorage.app\",\"apiKey\":\"AIzaSyCotWVp--zpcsRMQ5_T9azq0fHzYbr69Fo\",\"authDomain\":\"gestor-afiliados-2026.firebaseapp.com\",\"messagingSenderId\":\"704612357204\",\"projectNumber\":\"704612357204\",\"version\":\"2\"},\"_authTokenSyncURL\":\"/__session\"}","FIREBASE_CONFIG":"{\"projectId\":\"gestor-afiliados-2026\",\"storageBucket\":\"gestor-afiliados-2026.firebasestorage.app\"}","GCLOUD_PROJECT":"gestor-afiliados-2026","EVENTARC_CLOUD_EVENT_SOURCE":"projects/gestor-afiliados-2026/locations/us-central1/services/ssrgestorafiliados2026","FUNCTION_TARGET":"ssrgestorafiliados2026","LOG_EXECUTION_ID":"true"},"ingressSettings":"ALLOW_ALL","uri":"https://ssrgestorafiliados2026-fx666fkdda-uc.a.run.app","serviceAccountEmail":"704612357204-compute@developer.gserviceaccount.com","availableMemory":"256Mi","allTrafficOnLatestRevision":true,"revision":"ssrgestorafiliados2026-00001-kob","maxInstanceRequestConcurrency":80,"availableCpu":"1"},"state":"ACTIVE","labels":{"deployment-tool":"cli-firebase","firebase-functions-codebase":"firebase-frameworks-gestor-afiliados-2026","firebase-functions-hash":"a906149c8ee3a08521ccf92cdbcfb8a4646cc8db"},"environment":"GEN_2","url":"https://us-central1-gestor-afiliados-2026.cloudfunctions.net/ssrgestorafiliados2026","satisfiesPzi":true},"stages":[{"name":"BUILD","message":"Build in progress","state":"IN_PROGRESS","resource":"projects/704612357204/locations/us-central1/builds/3e839f32-b02c-41d9-86d4-13039be1b67a","resourceUri":"https://console.cloud.google.com/cloud-build/builds;region=us-central1/3e839f32-b02c-41d9-86d4-13039be1b67a?project=704612357204"},{"name":"SERVICE","state":"NOT_STARTED"}],"operationType":"UPDATE_FUNCTION","buildName":"projects/704612357204/locations/us-central1/builds/3e839f32-b02c-41d9-86d4-13039be1b67a"},"done":false}
[debug] [2026-03-02T09:31:53.099Z] [update-firebase-frameworks-gestor-afiliados-2026-us-central1-ssrgestorafiliados2026] Retrying task index 0
[debug] [2026-03-02T09:31:53.099Z] Checked if tokens are valid: true, expires at: 1772447141508
[debug] [2026-03-02T09:31:53.099Z] Checked if tokens are valid: true, expires at: 1772447141508
[debug] [2026-03-02T09:31:53.099Z] >>> [apiv2][query] GET https://cloudfunctions.googleapis.com/v2/projects/gestor-afiliados-2026/locations/us-central1/operations/operation-1772443884671-64c0740215246-3a8365cb-ac9cad18 [none]
[debug] [2026-03-02T09:31:53.511Z] <<< [apiv2][status] GET https://cloudfunctions.googleapis.com/v2/projects/gestor-afiliados-2026/locations/us-central1/operations/operation-1772443884671-64c0740215246-3a8365cb-ac9cad18 200
[debug] [2026-03-02T09:31:53.512Z] <<< [apiv2][body] GET https://cloudfunctions.googleapis.com/v2/projects/gestor-afiliados-2026/locations/us-central1/operations/operation-1772443884671-64c0740215246-3a8365cb-ac9cad18 {"name":"projects/gestor-afiliados-2026/locations/us-central1/operations/operation-1772443884671-64c0740215246-3a8365cb-ac9cad18","metadata":{"@type":"type.googleapis.com/google.cloud.functions.v2.OperationMetadata","createTime":"2026-03-02T09:31:25.467588021Z","target":"projects/gestor-afiliados-2026/locations/us-central1/functions/ssrgestorafiliados2026","verb":"update","cancelRequested":false,"apiVersion":"v2","requestResource":{"@type":"type.googleapis.com/google.cloud.functions.v2.Function","name":"projects/gestor-afiliados-2026/locations/us-central1/functions/ssrgestorafiliados2026","buildConfig":{"runtime":"nodejs24","entryPoint":"ssrgestorafiliados2026","source":{"storageSource":{"bucket":"gcf-v2-sources-704612357204-us-central1","object":"ssrgestorafiliados2026/function-source.zip","generation":"1772443885402300"}},"environmentVariables":{"GOOGLE_NODE_RUN_SCRIPTS":""},"dockerRepository":"projects/gestor-afiliados-2026/locations/us-central1/repositories/gcf-artifacts","sourceProvenance":{"resolvedStorageSource":{"bucket":"gcf-v2-sources-704612357204-us-central1","object":"ssrgestorafiliados2026/function-source.zip","generation":"1772419441546881"}},"dockerRegistry":"ARTIFACT_REGISTRY","serviceAccount":"projects/gestor-afiliados-2026/serviceAccounts/704612357204-compute@developer.gserviceaccount.com","automaticUpdatePolicy":{}},"serviceConfig":{"service":"projects/gestor-afiliados-2026/locations/us-central1/services/ssrgestorafiliados2026","timeoutSeconds":60,"environmentVariables":{"DATABASE_URL":"postgresql://postgres.nlxnxvrkyxdflxdfizag:Proyecto.2025%24%24@aws-0-us-west-2.pooler.supabase.com:6543/postgres?pgbouncer=true&connection_limit=1","NEXT_PUBLIC_SUPABASE_URL":"https://nlxnxvrkyxdflxdfizag.supabase.co","NEXT_PUBLIC_SUPABASE_ANON_KEY":"eyJhbGciOiJIUzI1NiIsInR5cCI6IkpXVCJ9.eyJpc3MiOiJzdXBhYmFzZSIsInJlZiI6Im5seG54dnJreXhkZmx4ZGZpemFnIiwicm9sZSI6ImFub24iLCJpYXQiOjE3NjU0NDk2OTQsImV4cCI6MjA4MTAyNTY5NH0.xTgowE7F-5iyejR6pTdOvjGAEi1-5Je-MM4gRX9cDRE","VERCEL_URL":"gestor-afiliados-2026.web.app","__FIREBASE_FRAMEWORKS_ENTRY__":"next.js","__FIREBASE_DEFAULTS__":"{\"config\":{\"projectId\":\"gestor-afiliados-2026\",\"appId\":\"1:704612357204:web:ddc26f59af9b0d6f6809c1\",\"storageBucket\":\"gestor-afiliados-2026.firebasestorage.app\",\"apiKey\":\"AIzaSyCotWVp--zpcsRMQ5_T9azq0fHzYbr69Fo\",\"authDomain\":\"gestor-afiliados-2026.firebaseapp.com\",\"messagingSenderId\":\"704612357204\",\"projectNumber\":\"704612357204\",\"version\":\"2\"},\"_authTokenSyncURL\":\"/__session\"}","FIREBASE_CONFIG":"{\"projectId\":\"gestor-afiliados-2026\",\"storageBucket\":\"gestor-afiliados-2026.firebasestorage.app\"}","GCLOUD_PROJECT":"gestor-afiliados-2026","EVENTARC_CLOUD_EVENT_SOURCE":"projects/gestor-afiliados-2026/locations/us-central1/services/ssrgestorafiliados2026","FUNCTION_TARGET":"ssrgestorafiliados2026","LOG_EXECUTION_ID":"true"},"ingressSettings":"ALLOW_ALL","uri":"https://ssrgestorafiliados2026-fx666fkdda-uc.a.run.app","serviceAccountEmail":"704612357204-compute@developer.gserviceaccount.com","availableMemory":"256Mi","allTrafficOnLatestRevision":true,"revision":"ssrgestorafiliados2026-00001-kob","maxInstanceRequestConcurrency":80,"availableCpu":"1"},"state":"ACTIVE","labels":{"deployment-tool":"cli-firebase","firebase-functions-codebase":"firebase-frameworks-gestor-afiliados-2026","firebase-functions-hash":"a906149c8ee3a08521ccf92cdbcfb8a4646cc8db"},"environment":"GEN_2","url":"https://us-central1-gestor-afiliados-2026.cloudfunctions.net/ssrgestorafiliados2026","satisfiesPzi":true},"stages":[{"name":"BUILD","message":"Build in progress","state":"IN_PROGRESS","resource":"projects/704612357204/locations/us-central1/builds/3e839f32-b02c-41d9-86d4-13039be1b67a","resourceUri":"https://console.cloud.google.com/cloud-build/builds;region=us-central1/3e839f32-b02c-41d9-86d4-13039be1b67a?project=704612357204"},{"name":"SERVICE","state":"NOT_STARTED"}],"operationType":"UPDATE_FUNCTION","buildName":"projects/704612357204/locations/us-central1/builds/3e839f32-b02c-41d9-86d4-13039be1b67a"},"done":false}
[debug] [2026-03-02T09:32:03.512Z] [update-firebase-frameworks-gestor-afiliados-2026-us-central1-ssrgestorafiliados2026] Retrying task index 0
[debug] [2026-03-02T09:32:03.513Z] Checked if tokens are valid: true, expires at: 1772447141508
[debug] [2026-03-02T09:32:03.513Z] Checked if tokens are valid: true, expires at: 1772447141508
[debug] [2026-03-02T09:32:03.513Z] >>> [apiv2][query] GET https://cloudfunctions.googleapis.com/v2/projects/gestor-afiliados-2026/locations/us-central1/operations/operation-1772443884671-64c0740215246-3a8365cb-ac9cad18 [none]
[debug] [2026-03-02T09:32:03.929Z] <<< [apiv2][status] GET https://cloudfunctions.googleapis.com/v2/projects/gestor-afiliados-2026/locations/us-central1/operations/operation-1772443884671-64c0740215246-3a8365cb-ac9cad18 200
[debug] [2026-03-02T09:32:03.930Z] <<< [apiv2][body] GET https://cloudfunctions.googleapis.com/v2/projects/gestor-afiliados-2026/locations/us-central1/operations/operation-1772443884671-64c0740215246-3a8365cb-ac9cad18 {"name":"projects/gestor-afiliados-2026/locations/us-central1/operations/operation-1772443884671-64c0740215246-3a8365cb-ac9cad18","metadata":{"@type":"type.googleapis.com/google.cloud.functions.v2.OperationMetadata","createTime":"2026-03-02T09:31:25.467588021Z","target":"projects/gestor-afiliados-2026/locations/us-central1/functions/ssrgestorafiliados2026","verb":"update","cancelRequested":false,"apiVersion":"v2","requestResource":{"@type":"type.googleapis.com/google.cloud.functions.v2.Function","name":"projects/gestor-afiliados-2026/locations/us-central1/functions/ssrgestorafiliados2026","buildConfig":{"runtime":"nodejs24","entryPoint":"ssrgestorafiliados2026","source":{"storageSource":{"bucket":"gcf-v2-sources-704612357204-us-central1","object":"ssrgestorafiliados2026/function-source.zip","generation":"1772443885402300"}},"environmentVariables":{"GOOGLE_NODE_RUN_SCRIPTS":""},"dockerRepository":"projects/gestor-afiliados-2026/locations/us-central1/repositories/gcf-artifacts","sourceProvenance":{"resolvedStorageSource":{"bucket":"gcf-v2-sources-704612357204-us-central1","object":"ssrgestorafiliados2026/function-source.zip","generation":"1772419441546881"}},"dockerRegistry":"ARTIFACT_REGISTRY","serviceAccount":"projects/gestor-afiliados-2026/serviceAccounts/704612357204-compute@developer.gserviceaccount.com","automaticUpdatePolicy":{}},"serviceConfig":{"service":"projects/gestor-afiliados-2026/locations/us-central1/services/ssrgestorafiliados2026","timeoutSeconds":60,"environmentVariables":{"DATABASE_URL":"postgresql://postgres.nlxnxvrkyxdflxdfizag:Proyecto.2025%24%24@aws-0-us-west-2.pooler.supabase.com:6543/postgres?pgbouncer=true&connection_limit=1","NEXT_PUBLIC_SUPABASE_URL":"https://nlxnxvrkyxdflxdfizag.supabase.co","NEXT_PUBLIC_SUPABASE_ANON_KEY":"eyJhbGciOiJIUzI1NiIsInR5cCI6IkpXVCJ9.eyJpc3MiOiJzdXBhYmFzZSIsInJlZiI6Im5seG54dnJreXhkZmx4ZGZpemFnIiwicm9sZSI6ImFub24iLCJpYXQiOjE3NjU0NDk2OTQsImV4cCI6MjA4MTAyNTY5NH0.xTgowE7F-5iyejR6pTdOvjGAEi1-5Je-MM4gRX9cDRE","VERCEL_URL":"gestor-afiliados-2026.web.app","__FIREBASE_FRAMEWORKS_ENTRY__":"next.js","__FIREBASE_DEFAULTS__":"{\"config\":{\"projectId\":\"gestor-afiliados-2026\",\"appId\":\"1:704612357204:web:ddc26f59af9b0d6f6809c1\",\"storageBucket\":\"gestor-afiliados-2026.firebasestorage.app\",\"apiKey\":\"AIzaSyCotWVp--zpcsRMQ5_T9azq0fHzYbr69Fo\",\"authDomain\":\"gestor-afiliados-2026.firebaseapp.com\",\"messagingSenderId\":\"704612357204\",\"projectNumber\":\"704612357204\",\"version\":\"2\"},\"_authTokenSyncURL\":\"/__session\"}","FIREBASE_CONFIG":"{\"projectId\":\"gestor-afiliados-2026\",\"storageBucket\":\"gestor-afiliados-2026.firebasestorage.app\"}","GCLOUD_PROJECT":"gestor-afiliados-2026","EVENTARC_CLOUD_EVENT_SOURCE":"projects/gestor-afiliados-2026/locations/us-central1/services/ssrgestorafiliados2026","FUNCTION_TARGET":"ssrgestorafiliados2026","LOG_EXECUTION_ID":"true"},"ingressSettings":"ALLOW_ALL","uri":"https://ssrgestorafiliados2026-fx666fkdda-uc.a.run.app","serviceAccountEmail":"704612357204-compute@developer.gserviceaccount.com","availableMemory":"256Mi","allTrafficOnLatestRevision":true,"revision":"ssrgestorafiliados2026-00001-kob","maxInstanceRequestConcurrency":80,"availableCpu":"1"},"state":"ACTIVE","labels":{"deployment-tool":"cli-firebase","firebase-functions-codebase":"firebase-frameworks-gestor-afiliados-2026","firebase-functions-hash":"a906149c8ee3a08521ccf92cdbcfb8a4646cc8db"},"environment":"GEN_2","url":"https://us-central1-gestor-afiliados-2026.cloudfunctions.net/ssrgestorafiliados2026","satisfiesPzi":true},"stages":[{"name":"BUILD","message":"Build in progress","state":"IN_PROGRESS","resource":"projects/704612357204/locations/us-central1/builds/3e839f32-b02c-41d9-86d4-13039be1b67a","resourceUri":"https://console.cloud.google.com/cloud-build/builds;region=us-central1/3e839f32-b02c-41d9-86d4-13039be1b67a?project=704612357204"},{"name":"SERVICE","state":"NOT_STARTED"}],"operationType":"UPDATE_FUNCTION","buildName":"projects/704612357204/locations/us-central1/builds/3e839f32-b02c-41d9-86d4-13039be1b67a"},"done":false}
